   1              		.syntax unified
   2              		.arch armv7e-m
   3              		.eabi_attribute 27, 1
   4              		.eabi_attribute 28, 1
   5              		.fpu fpv4-sp-d16
   6              		.eabi_attribute 20, 1
   7              		.eabi_attribute 21, 1
   8              		.eabi_attribute 23, 3
   9              		.eabi_attribute 24, 1
  10              		.eabi_attribute 25, 1
  11              		.eabi_attribute 26, 1
  12              		.eabi_attribute 30, 4
  13              		.eabi_attribute 34, 1
  14              		.eabi_attribute 18, 4
  15              		.thumb
  16              		.file	"button.c"
  17              		.text
  18              	.Ltext0:
  19              		.cfi_sections	.debug_frame
  20              		.align	1
  21              		.global	button_init
  22              		.thumb
  23              		.thumb_func
  24              		.type	button_init, %function
  25              	button_init:
  26              	.LFB392:
  27              		.file 1 "src/button.c"
   1:src/button.c  **** #include "sys/devices.h"
   2:src/button.c  **** #include "sys/cm4.h"
   3:src/button.c  **** 
   4:src/button.c  **** void button_init() {
  28              		.loc 1 4 0
  29              		.cfi_startproc
  30              		@ args = 0, pretend = 0, frame = 0
  31              		@ frame_needed = 0, uses_anonymous_args = 0
  32              		@ link register save eliminated.
   5:src/button.c  **** /* Configure PB3-PB6, PB8 as inputs, no pull */
   6:src/button.c  **** 	GPIOB.MODER = GPIOB.MODER & ~(0xFF<<6 & 3<<16);
  33              		.loc 1 6 0
  34 0000 024B     		ldr	r3, .L2
  35 0002 1A68     		ldr	r2, [r3]
  36 0004 1A60     		str	r2, [r3]
   7:src/button.c  **** 	GPIOB.PUPDR = GPIOB.PUPDR & ~(0xFF<<6 & 3<<16);
  37              		.loc 1 7 0
  38 0006 DA68     		ldr	r2, [r3, #12]
  39 0008 DA60     		str	r2, [r3, #12]
  40 000a 7047     		bx	lr
  41              	.L3:
  42              		.align	2
  43              	.L2:
  44 000c 00000000 		.word	GPIOB
  45              		.cfi_endproc
  46              	.LFE392:
  47              		.size	button_init, .-button_init
  48              		.align	1
  49              		.global	button_irq_init
  50              		.thumb
  51              		.thumb_func
  52              		.type	button_irq_init, %function
  53              	button_irq_init:
  54              	.LFB393:
   8:src/button.c  **** }
   9:src/button.c  **** 
  10:src/button.c  **** void button_irq_init () {
  55              		.loc 1 10 0
  56              		.cfi_startproc
  57              		@ args = 0, pretend = 0, frame = 0
  58              		@ frame_needed = 0, uses_anonymous_args = 0
  59              		@ link register save eliminated.
  11:src/button.c  ****   /* set PB8 as EXTI8 input */
  12:src/button.c  ****   SYSCFG.EXTICR3 = (SYSCFG.EXTICR3 & ~(0xf<<0)) | (0x1<<0);
  60              		.loc 1 12 0
  61 0010 0C4A     		ldr	r2, .L5
  62 0012 1369     		ldr	r3, [r2, #16]
  63 0014 23F00F03 		bic	r3, r3, #15
  64 0018 43F00103 		orr	r3, r3, #1
  65 001c 1361     		str	r3, [r2, #16]
  13:src/button.c  **** 
  14:src/button.c  ****   /* Setup interrupt for EXTI8, falling edge */
  15:src/button.c  ****   EXTI.IMR  |= (1<<8);
  66              		.loc 1 15 0
  67 001e 0A4B     		ldr	r3, .L5+4
  68 0020 1A68     		ldr	r2, [r3]
  69 0022 42F48072 		orr	r2, r2, #256
  70 0026 1A60     		str	r2, [r3]
  16:src/button.c  ****   EXTI.RTSR &= ~(1<<8);
  71              		.loc 1 16 0
  72 0028 9A68     		ldr	r2, [r3, #8]
  73 002a 22F48072 		bic	r2, r2, #256
  74 002e 9A60     		str	r2, [r3, #8]
  17:src/button.c  ****   EXTI.FTSR |= (1<<8);
  75              		.loc 1 17 0
  76 0030 DA68     		ldr	r2, [r3, #12]
  77 0032 42F48072 		orr	r2, r2, #256
  78 0036 DA60     		str	r2, [r3, #12]
  18:src/button.c  **** 
  19:src/button.c  ****   /* enable EXTI15_10 IRQ */
  20:src/button.c  ****   NVIC.ISER[23/32]=(1<<(23%32)); 
  79              		.loc 1 20 0
  80 0038 044B     		ldr	r3, .L5+8
  81 003a 4FF40002 		mov	r2, #8388608
  82 003e 1A60     		str	r2, [r3]
  83 0040 7047     		bx	lr
  84              	.L6:
  85 0042 00BF     		.align	2
  86              	.L5:
  87 0044 00000000 		.word	SYSCFG
  88 0048 00000000 		.word	EXTI
  89 004c 00000000 		.word	NVIC
  90              		.cfi_endproc
  91              	.LFE393:
  92              		.size	button_irq_init, .-button_irq_init
  93              		.align	1
  94              		.global	button_poll
  95              		.thumb
  96              		.thumb_func
  97              		.type	button_poll, %function
  98              	button_poll:
  99              	.LFB394:
  21:src/button.c  **** }
  22:src/button.c  **** 
  23:src/button.c  **** uint32_t button_poll() {
 100              		.loc 1 23 0
 101              		.cfi_startproc
 102              		@ args = 0, pretend = 0, frame = 0
 103              		@ frame_needed = 0, uses_anonymous_args = 0
 104              		@ link register save eliminated.
  24:src/button.c  ****   return (~(GPIOC.IDR>>13) & 1); /* 1 if pressed */
 105              		.loc 1 24 0
 106 0050 034B     		ldr	r3, .L8
 107 0052 1869     		ldr	r0, [r3, #16]
 108 0054 80F40050 		eor	r0, r0, #8192
  25:src/button.c  **** }
 109              		.loc 1 25 0
 110 0058 C0F34030 		ubfx	r0, r0, #13, #1
 111 005c 7047     		bx	lr
 112              	.L9:
 113 005e 00BF     		.align	2
 114              	.L8:
 115 0060 00000000 		.word	GPIOC
 116              		.cfi_endproc
 117              	.LFE394:
 118              		.size	button_poll, .-button_poll
 119              	.Letext0:
 120              		.file 2 "/usr/include/newlib/machine/_default_types.h"
 121              		.file 3 "/usr/include/newlib/sys/_stdint.h"
 122              		.file 4 "src/sys/devices.h"
 123              		.section	.debug_info,"",%progbits
 124              	.Ldebug_info0:
 125 0000 72050000 		.4byte	0x572
 126 0004 0400     		.2byte	0x4
 127 0006 00000000 		.4byte	.Ldebug_abbrev0
 128 000a 04       		.byte	0x4
 129 000b 01       		.uleb128 0x1
 130 000c BE010000 		.4byte	.LASF91
 131 0010 01       		.byte	0x1
 132 0011 B1010000 		.4byte	.LASF92
 133 0015 DA000000 		.4byte	.LASF93
 134 0019 00000000 		.4byte	.Ltext0
 135 001d 64000000 		.4byte	.Letext0-.Ltext0
 136 0021 00000000 		.4byte	.Ldebug_line0
 137 0025 02       		.uleb128 0x2
 138 0026 01       		.byte	0x1
 139 0027 06       		.byte	0x6
 140 0028 A2020000 		.4byte	.LASF0
 141 002c 03       		.uleb128 0x3
 142 002d A7010000 		.4byte	.LASF5
 143 0031 02       		.byte	0x2
 144 0032 1D       		.byte	0x1d
 145 0033 37000000 		.4byte	0x37
 146 0037 02       		.uleb128 0x2
 147 0038 01       		.byte	0x1
 148 0039 08       		.byte	0x8
 149 003a 78020000 		.4byte	.LASF1
 150 003e 02       		.uleb128 0x2
 151 003f 02       		.byte	0x2
 152 0040 05       		.byte	0x5
 153 0041 43000000 		.4byte	.LASF2
 154 0045 02       		.uleb128 0x2
 155 0046 02       		.byte	0x2
 156 0047 07       		.byte	0x7
 157 0048 5E030000 		.4byte	.LASF3
 158 004c 02       		.uleb128 0x2
 159 004d 04       		.byte	0x4
 160 004e 05       		.byte	0x5
 161 004f 81010000 		.4byte	.LASF4
 162 0053 03       		.uleb128 0x3
 163 0054 8C000000 		.4byte	.LASF6
 164 0058 02       		.byte	0x2
 165 0059 41       		.byte	0x41
 166 005a 5E000000 		.4byte	0x5e
 167 005e 02       		.uleb128 0x2
 168 005f 04       		.byte	0x4
 169 0060 07       		.byte	0x7
 170 0061 B7030000 		.4byte	.LASF7
 171 0065 02       		.uleb128 0x2
 172 0066 08       		.byte	0x8
 173 0067 05       		.byte	0x5
 174 0068 7E000000 		.4byte	.LASF8
 175 006c 02       		.uleb128 0x2
 176 006d 08       		.byte	0x8
 177 006e 07       		.byte	0x7
 178 006f AE020000 		.4byte	.LASF9
 179 0073 04       		.uleb128 0x4
 180 0074 04       		.byte	0x4
 181 0075 05       		.byte	0x5
 182 0076 696E7400 		.ascii	"int\000"
 183 007a 02       		.uleb128 0x2
 184 007b 04       		.byte	0x4
 185 007c 07       		.byte	0x7
 186 007d CE020000 		.4byte	.LASF10
 187 0081 03       		.uleb128 0x3
 188 0082 BB000000 		.4byte	.LASF11
 189 0086 03       		.byte	0x3
 190 0087 14       		.byte	0x14
 191 0088 2C000000 		.4byte	0x2c
 192 008c 03       		.uleb128 0x3
 193 008d C5020000 		.4byte	.LASF12
 194 0091 03       		.byte	0x3
 195 0092 20       		.byte	0x20
 196 0093 53000000 		.4byte	0x53
 197 0097 05       		.uleb128 0x5
 198 0098 53020000 		.4byte	.LASF25
 199 009c 5403     		.2byte	0x354
 200 009e 04       		.byte	0x4
 201 009f 1D       		.byte	0x1d
 202 00a0 3C010000 		.4byte	0x13c
 203 00a4 06       		.uleb128 0x6
 204 00a5 AA030000 		.4byte	.LASF13
 205 00a9 04       		.byte	0x4
 206 00aa 1E       		.byte	0x1e
 207 00ab 3C010000 		.4byte	0x13c
 208 00af 00       		.byte	0
 209 00b0 06       		.uleb128 0x6
 210 00b1 14040000 		.4byte	.LASF14
 211 00b5 04       		.byte	0x4
 212 00b6 1F       		.byte	0x1f
 213 00b7 53010000 		.4byte	0x153
 214 00bb 0C       		.byte	0xc
 215 00bc 06       		.uleb128 0x6
 216 00bd A5030000 		.4byte	.LASF15
 217 00c1 04       		.byte	0x4
 218 00c2 20       		.byte	0x20
 219 00c3 3C010000 		.4byte	0x13c
 220 00c7 80       		.byte	0x80
 221 00c8 06       		.uleb128 0x6
 222 00c9 28030000 		.4byte	.LASF16
 223 00cd 04       		.byte	0x4
 224 00ce 21       		.byte	0x21
 225 00cf 53010000 		.4byte	0x153
 226 00d3 8C       		.byte	0x8c
 227 00d4 07       		.uleb128 0x7
 228 00d5 59030000 		.4byte	.LASF17
 229 00d9 04       		.byte	0x4
 230 00da 22       		.byte	0x22
 231 00db 3C010000 		.4byte	0x13c
 232 00df 0001     		.2byte	0x100
 233 00e1 07       		.uleb128 0x7
 234 00e2 C9030000 		.4byte	.LASF18
 235 00e6 04       		.byte	0x4
 236 00e7 23       		.byte	0x23
 237 00e8 53010000 		.4byte	0x153
 238 00ec 0C01     		.2byte	0x10c
 239 00ee 07       		.uleb128 0x7
 240 00ef 9D020000 		.4byte	.LASF19
 241 00f3 04       		.byte	0x4
 242 00f4 24       		.byte	0x24
 243 00f5 3C010000 		.4byte	0x13c
 244 00f9 8001     		.2byte	0x180
 245 00fb 07       		.uleb128 0x7
 246 00fc 71030000 		.4byte	.LASF20
 247 0100 04       		.byte	0x4
 248 0101 25       		.byte	0x25
 249 0102 53010000 		.4byte	0x153
 250 0106 8C01     		.2byte	0x18c
 251 0108 07       		.uleb128 0x7
 252 0109 0A000000 		.4byte	.LASF21
 253 010d 04       		.byte	0x4
 254 010e 26       		.byte	0x26
 255 010f 3C010000 		.4byte	0x13c
 256 0113 0002     		.2byte	0x200
 257 0115 07       		.uleb128 0x7
 258 0116 5C010000 		.4byte	.LASF22
 259 011a 04       		.byte	0x4
 260 011b 27       		.byte	0x27
 261 011c 63010000 		.4byte	0x163
 262 0120 0C02     		.2byte	0x20c
 263 0122 08       		.uleb128 0x8
 264 0123 495000   		.ascii	"IP\000"
 265 0126 04       		.byte	0x4
 266 0127 28       		.byte	0x28
 267 0128 73010000 		.4byte	0x173
 268 012c 0003     		.2byte	0x300
 269 012e 07       		.uleb128 0x7
 270 012f 12030000 		.4byte	.LASF23
 271 0133 04       		.byte	0x4
 272 0134 29       		.byte	0x29
 273 0135 83010000 		.4byte	0x183
 274 0139 5103     		.2byte	0x351
 275 013b 00       		.byte	0
 276 013c 09       		.uleb128 0x9
 277 013d 8C000000 		.4byte	0x8c
 278 0141 4C010000 		.4byte	0x14c
 279 0145 0A       		.uleb128 0xa
 280 0146 4C010000 		.4byte	0x14c
 281 014a 02       		.byte	0x2
 282 014b 00       		.byte	0
 283 014c 02       		.uleb128 0x2
 284 014d 04       		.byte	0x4
 285 014e 07       		.byte	0x7
 286 014f 4D000000 		.4byte	.LASF24
 287 0153 09       		.uleb128 0x9
 288 0154 8C000000 		.4byte	0x8c
 289 0158 63010000 		.4byte	0x163
 290 015c 0A       		.uleb128 0xa
 291 015d 4C010000 		.4byte	0x14c
 292 0161 1C       		.byte	0x1c
 293 0162 00       		.byte	0
 294 0163 09       		.uleb128 0x9
 295 0164 8C000000 		.4byte	0x8c
 296 0168 73010000 		.4byte	0x173
 297 016c 0A       		.uleb128 0xa
 298 016d 4C010000 		.4byte	0x14c
 299 0171 3C       		.byte	0x3c
 300 0172 00       		.byte	0
 301 0173 09       		.uleb128 0x9
 302 0174 81000000 		.4byte	0x81
 303 0178 83010000 		.4byte	0x183
 304 017c 0A       		.uleb128 0xa
 305 017d 4C010000 		.4byte	0x14c
 306 0181 50       		.byte	0x50
 307 0182 00       		.byte	0
 308 0183 09       		.uleb128 0x9
 309 0184 81000000 		.4byte	0x81
 310 0188 93010000 		.4byte	0x193
 311 018c 0A       		.uleb128 0xa
 312 018d 4C010000 		.4byte	0x14c
 313 0191 02       		.byte	0x2
 314 0192 00       		.byte	0
 315 0193 0B       		.uleb128 0xb
 316 0194 04030000 		.4byte	.LASF26
 317 0198 98       		.byte	0x98
 318 0199 04       		.byte	0x4
 319 019a 68       		.byte	0x68
 320 019b 67030000 		.4byte	0x367
 321 019f 0C       		.uleb128 0xc
 322 01a0 435200   		.ascii	"CR\000"
 323 01a3 04       		.byte	0x4
 324 01a4 69       		.byte	0x69
 325 01a5 8C000000 		.4byte	0x8c
 326 01a9 00       		.byte	0
 327 01aa 06       		.uleb128 0x6
 328 01ab 42030000 		.4byte	.LASF27
 329 01af 04       		.byte	0x4
 330 01b0 6A       		.byte	0x6a
 331 01b1 8C000000 		.4byte	0x8c
 332 01b5 04       		.byte	0x4
 333 01b6 06       		.uleb128 0x6
 334 01b7 B6000000 		.4byte	.LASF28
 335 01bb 04       		.byte	0x4
 336 01bc 6B       		.byte	0x6b
 337 01bd 8C000000 		.4byte	0x8c
 338 01c1 08       		.byte	0x8
 339 01c2 0C       		.uleb128 0xc
 340 01c3 43495200 		.ascii	"CIR\000"
 341 01c7 04       		.byte	0x4
 342 01c8 6C       		.byte	0x6c
 343 01c9 8C000000 		.4byte	0x8c
 344 01cd 0C       		.byte	0xc
 345 01ce 06       		.uleb128 0x6
 346 01cf 48040000 		.4byte	.LASF29
 347 01d3 04       		.byte	0x4
 348 01d4 6D       		.byte	0x6d
 349 01d5 8C000000 		.4byte	0x8c
 350 01d9 10       		.byte	0x10
 351 01da 06       		.uleb128 0x6
 352 01db DB020000 		.4byte	.LASF30
 353 01df 04       		.byte	0x4
 354 01e0 6E       		.byte	0x6e
 355 01e1 8C000000 		.4byte	0x8c
 356 01e5 14       		.byte	0x14
 357 01e6 06       		.uleb128 0x6
 358 01e7 60040000 		.4byte	.LASF31
 359 01eb 04       		.byte	0x4
 360 01ec 6F       		.byte	0x6f
 361 01ed 8C000000 		.4byte	0x8c
 362 01f1 18       		.byte	0x18
 363 01f2 06       		.uleb128 0x6
 364 01f3 87030000 		.4byte	.LASF32
 365 01f7 04       		.byte	0x4
 366 01f8 70       		.byte	0x70
 367 01f9 8C000000 		.4byte	0x8c
 368 01fd 1C       		.byte	0x1c
 369 01fe 06       		.uleb128 0x6
 370 01ff 1E000000 		.4byte	.LASF33
 371 0203 04       		.byte	0x4
 372 0204 71       		.byte	0x71
 373 0205 8C000000 		.4byte	0x8c
 374 0209 20       		.byte	0x20
 375 020a 06       		.uleb128 0x6
 376 020b 9E010000 		.4byte	.LASF34
 377 020f 04       		.byte	0x4
 378 0210 72       		.byte	0x72
 379 0211 8C000000 		.4byte	0x8c
 380 0215 24       		.byte	0x24
 381 0216 06       		.uleb128 0x6
 382 0217 51040000 		.4byte	.LASF35
 383 021b 04       		.byte	0x4
 384 021c 73       		.byte	0x73
 385 021d 8C000000 		.4byte	0x8c
 386 0221 28       		.byte	0x28
 387 0222 06       		.uleb128 0x6
 388 0223 94040000 		.4byte	.LASF36
 389 0227 04       		.byte	0x4
 390 0228 74       		.byte	0x74
 391 0229 8C000000 		.4byte	0x8c
 392 022d 2C       		.byte	0x2c
 393 022e 06       		.uleb128 0x6
 394 022f 0C040000 		.4byte	.LASF37
 395 0233 04       		.byte	0x4
 396 0234 75       		.byte	0x75
 397 0235 8C000000 		.4byte	0x8c
 398 0239 30       		.byte	0x30
 399 023a 06       		.uleb128 0x6
 400 023b 27000000 		.4byte	.LASF38
 401 023f 04       		.byte	0x4
 402 0240 76       		.byte	0x76
 403 0241 8C000000 		.4byte	0x8c
 404 0245 34       		.byte	0x34
 405 0246 06       		.uleb128 0x6
 406 0247 30010000 		.4byte	.LASF39
 407 024b 04       		.byte	0x4
 408 024c 77       		.byte	0x77
 409 024d 8C000000 		.4byte	0x8c
 410 0251 38       		.byte	0x38
 411 0252 06       		.uleb128 0x6
 412 0253 EE030000 		.4byte	.LASF40
 413 0257 04       		.byte	0x4
 414 0258 78       		.byte	0x78
 415 0259 8C000000 		.4byte	0x8c
 416 025d 3C       		.byte	0x3c
 417 025e 06       		.uleb128 0x6
 418 025f D2000000 		.4byte	.LASF41
 419 0263 04       		.byte	0x4
 420 0264 79       		.byte	0x79
 421 0265 8C000000 		.4byte	0x8c
 422 0269 40       		.byte	0x40
 423 026a 06       		.uleb128 0x6
 424 026b 95020000 		.4byte	.LASF42
 425 026f 04       		.byte	0x4
 426 0270 7A       		.byte	0x7a
 427 0271 8C000000 		.4byte	0x8c
 428 0275 44       		.byte	0x44
 429 0276 06       		.uleb128 0x6
 430 0277 C3000000 		.4byte	.LASF43
 431 027b 04       		.byte	0x4
 432 027c 7B       		.byte	0x7b
 433 027d 8C000000 		.4byte	0x8c
 434 0281 48       		.byte	0x48
 435 0282 06       		.uleb128 0x6
 436 0283 86020000 		.4byte	.LASF44
 437 0287 04       		.byte	0x4
 438 0288 7C       		.byte	0x7c
 439 0289 8C000000 		.4byte	0x8c
 440 028d 4C       		.byte	0x4c
 441 028e 06       		.uleb128 0x6
 442 028f 00000000 		.4byte	.LASF45
 443 0293 04       		.byte	0x4
 444 0294 7D       		.byte	0x7d
 445 0295 8C000000 		.4byte	0x8c
 446 0299 50       		.byte	0x50
 447 029a 06       		.uleb128 0x6
 448 029b 96030000 		.4byte	.LASF46
 449 029f 04       		.byte	0x4
 450 02a0 7E       		.byte	0x7e
 451 02a1 8C000000 		.4byte	0x8c
 452 02a5 54       		.byte	0x54
 453 02a6 06       		.uleb128 0x6
 454 02a7 AC000000 		.4byte	.LASF47
 455 02ab 04       		.byte	0x4
 456 02ac 7F       		.byte	0x7f
 457 02ad 8C000000 		.4byte	0x8c
 458 02b1 58       		.byte	0x58
 459 02b2 06       		.uleb128 0x6
 460 02b3 DF030000 		.4byte	.LASF48
 461 02b7 04       		.byte	0x4
 462 02b8 80       		.byte	0x80
 463 02b9 8C000000 		.4byte	0x8c
 464 02bd 5C       		.byte	0x5c
 465 02be 06       		.uleb128 0x6
 466 02bf 4F030000 		.4byte	.LASF49
 467 02c3 04       		.byte	0x4
 468 02c4 81       		.byte	0x81
 469 02c5 8C000000 		.4byte	0x8c
 470 02c9 60       		.byte	0x60
 471 02ca 06       		.uleb128 0x6
 472 02cb 8A040000 		.4byte	.LASF50
 473 02cf 04       		.byte	0x4
 474 02d0 82       		.byte	0x82
 475 02d1 8C000000 		.4byte	0x8c
 476 02d5 64       		.byte	0x64
 477 02d6 06       		.uleb128 0x6
 478 02d7 2D040000 		.4byte	.LASF51
 479 02db 04       		.byte	0x4
 480 02dc 83       		.byte	0x83
 481 02dd 8C000000 		.4byte	0x8c
 482 02e1 68       		.byte	0x68
 483 02e2 06       		.uleb128 0x6
 484 02e3 0F000000 		.4byte	.LASF52
 485 02e7 04       		.byte	0x4
 486 02e8 84       		.byte	0x84
 487 02e9 8C000000 		.4byte	0x8c
 488 02ed 6C       		.byte	0x6c
 489 02ee 06       		.uleb128 0x6
 490 02ef 56000000 		.4byte	.LASF53
 491 02f3 04       		.byte	0x4
 492 02f4 85       		.byte	0x85
 493 02f5 8C000000 		.4byte	0x8c
 494 02f9 70       		.byte	0x70
 495 02fa 0C       		.uleb128 0xc
 496 02fb 43535200 		.ascii	"CSR\000"
 497 02ff 04       		.byte	0x4
 498 0300 86       		.byte	0x86
 499 0301 8C000000 		.4byte	0x8c
 500 0305 74       		.byte	0x74
 501 0306 06       		.uleb128 0x6
 502 0307 64000000 		.4byte	.LASF54
 503 030b 04       		.byte	0x4
 504 030c 87       		.byte	0x87
 505 030d 8C000000 		.4byte	0x8c
 506 0311 78       		.byte	0x78
 507 0312 06       		.uleb128 0x6
 508 0313 1A010000 		.4byte	.LASF55
 509 0317 04       		.byte	0x4
 510 0318 88       		.byte	0x88
 511 0319 8C000000 		.4byte	0x8c
 512 031d 7C       		.byte	0x7c
 513 031e 06       		.uleb128 0x6
 514 031f 97000000 		.4byte	.LASF56
 515 0323 04       		.byte	0x4
 516 0324 89       		.byte	0x89
 517 0325 8C000000 		.4byte	0x8c
 518 0329 80       		.byte	0x80
 519 032a 06       		.uleb128 0x6
 520 032b 73000000 		.4byte	.LASF57
 521 032f 04       		.byte	0x4
 522 0330 8A       		.byte	0x8a
 523 0331 8C000000 		.4byte	0x8c
 524 0335 84       		.byte	0x84
 525 0336 06       		.uleb128 0x6
 526 0337 7A040000 		.4byte	.LASF58
 527 033b 04       		.byte	0x4
 528 033c 8B       		.byte	0x8b
 529 033d 8C000000 		.4byte	0x8c
 530 0341 88       		.byte	0x88
 531 0342 06       		.uleb128 0x6
 532 0343 12010000 		.4byte	.LASF59
 533 0347 04       		.byte	0x4
 534 0348 8C       		.byte	0x8c
 535 0349 8C000000 		.4byte	0x8c
 536 034d 8C       		.byte	0x8c
 537 034e 06       		.uleb128 0x6
 538 034f 5B000000 		.4byte	.LASF60
 539 0353 04       		.byte	0x4
 540 0354 8D       		.byte	0x8d
 541 0355 8C000000 		.4byte	0x8c
 542 0359 90       		.byte	0x90
 543 035a 06       		.uleb128 0x6
 544 035b 8F010000 		.4byte	.LASF61
 545 035f 04       		.byte	0x4
 546 0360 8E       		.byte	0x8e
 547 0361 8C000000 		.4byte	0x8c
 548 0365 94       		.byte	0x94
 549 0366 00       		.byte	0
 550 0367 0B       		.uleb128 0xb
 551 0368 9D000000 		.4byte	.LASF62
 552 036c 28       		.byte	0x28
 553 036d 04       		.byte	0x4
 554 036e 92       		.byte	0x92
 555 036f EC030000 		.4byte	0x3ec
 556 0373 06       		.uleb128 0x6
 557 0374 98010000 		.4byte	.LASF63
 558 0378 04       		.byte	0x4
 559 0379 93       		.byte	0x93
 560 037a 8C000000 		.4byte	0x8c
 561 037e 00       		.byte	0
 562 037f 06       		.uleb128 0x6
 563 0380 0B010000 		.4byte	.LASF64
 564 0384 04       		.byte	0x4
 565 0385 94       		.byte	0x94
 566 0386 8C000000 		.4byte	0x8c
 567 038a 04       		.byte	0x4
 568 038b 06       		.uleb128 0x6
 569 038c AF030000 		.4byte	.LASF65
 570 0390 04       		.byte	0x4
 571 0391 95       		.byte	0x95
 572 0392 8C000000 		.4byte	0x8c
 573 0396 08       		.byte	0x8
 574 0397 06       		.uleb128 0x6
 575 0398 56010000 		.4byte	.LASF66
 576 039c 04       		.byte	0x4
 577 039d 96       		.byte	0x96
 578 039e 8C000000 		.4byte	0x8c
 579 03a2 0C       		.byte	0xc
 580 03a3 0C       		.uleb128 0xc
 581 03a4 49445200 		.ascii	"IDR\000"
 582 03a8 04       		.byte	0x4
 583 03a9 97       		.byte	0x97
 584 03aa 8C000000 		.4byte	0x8c
 585 03ae 10       		.byte	0x10
 586 03af 0C       		.uleb128 0xc
 587 03b0 4F445200 		.ascii	"ODR\000"
 588 03b4 04       		.byte	0x4
 589 03b5 98       		.byte	0x98
 590 03b6 8C000000 		.4byte	0x8c
 591 03ba 14       		.byte	0x14
 592 03bb 06       		.uleb128 0x6
 593 03bc 8A010000 		.4byte	.LASF67
 594 03c0 04       		.byte	0x4
 595 03c1 99       		.byte	0x99
 596 03c2 8C000000 		.4byte	0x8c
 597 03c6 18       		.byte	0x18
 598 03c7 06       		.uleb128 0x6
 599 03c8 85040000 		.4byte	.LASF68
 600 03cc 04       		.byte	0x4
 601 03cd 9A       		.byte	0x9a
 602 03ce 8C000000 		.4byte	0x8c
 603 03d2 1C       		.byte	0x1c
 604 03d3 06       		.uleb128 0x6
 605 03d4 4A030000 		.4byte	.LASF69
 606 03d8 04       		.byte	0x4
 607 03d9 9B       		.byte	0x9b
 608 03da 8C000000 		.4byte	0x8c
 609 03de 20       		.byte	0x20
 610 03df 06       		.uleb128 0x6
 611 03e0 3D030000 		.4byte	.LASF70
 612 03e4 04       		.byte	0x4
 613 03e5 9C       		.byte	0x9c
 614 03e6 8C000000 		.4byte	0x8c
 615 03ea 24       		.byte	0x24
 616 03eb 00       		.byte	0
 617 03ec 0B       		.uleb128 0xb
 618 03ed 38010000 		.4byte	.LASF71
 619 03f1 30       		.byte	0x30
 620 03f2 04       		.byte	0x4
 621 03f3 A0       		.byte	0xa0
 622 03f4 89040000 		.4byte	0x489
 623 03f8 06       		.uleb128 0x6
 624 03f9 49010000 		.4byte	.LASF72
 625 03fd 04       		.byte	0x4
 626 03fe A1       		.byte	0xa1
 627 03ff 8C000000 		.4byte	0x8c
 628 0403 00       		.byte	0
 629 0404 0C       		.uleb128 0xc
 630 0405 504D4300 		.ascii	"PMC\000"
 631 0409 04       		.byte	0x4
 632 040a A2       		.byte	0xa2
 633 040b 8C000000 		.4byte	0x8c
 634 040f 04       		.byte	0x4
 635 0410 06       		.uleb128 0x6
 636 0411 E4020000 		.4byte	.LASF73
 637 0415 04       		.byte	0x4
 638 0416 A3       		.byte	0xa3
 639 0417 8C000000 		.4byte	0x8c
 640 041b 08       		.byte	0x8
 641 041c 06       		.uleb128 0x6
 642 041d EC020000 		.4byte	.LASF74
 643 0421 04       		.byte	0x4
 644 0422 A4       		.byte	0xa4
 645 0423 8C000000 		.4byte	0x8c
 646 0427 0C       		.byte	0xc
 647 0428 06       		.uleb128 0x6
 648 0429 F4020000 		.4byte	.LASF75
 649 042d 04       		.byte	0x4
 650 042e A5       		.byte	0xa5
 651 042f 8C000000 		.4byte	0x8c
 652 0433 10       		.byte	0x10
 653 0434 06       		.uleb128 0x6
 654 0435 FC020000 		.4byte	.LASF76
 655 0439 04       		.byte	0x4
 656 043a A6       		.byte	0xa6
 657 043b 8C000000 		.4byte	0x8c
 658 043f 14       		.byte	0x14
 659 0440 06       		.uleb128 0x6
 660 0441 72010000 		.4byte	.LASF77
 661 0445 04       		.byte	0x4
 662 0446 A7       		.byte	0xa7
 663 0447 8C000000 		.4byte	0x8c
 664 044b 18       		.byte	0x18
 665 044c 06       		.uleb128 0x6
 666 044d 87030000 		.4byte	.LASF32
 667 0451 04       		.byte	0x4
 668 0452 A8       		.byte	0xa8
 669 0453 8C000000 		.4byte	0x8c
 670 0457 1C       		.byte	0x1c
 671 0458 06       		.uleb128 0x6
 672 0459 62020000 		.4byte	.LASF78
 673 045d 04       		.byte	0x4
 674 045e A9       		.byte	0xa9
 675 045f 8C000000 		.4byte	0x8c
 676 0463 20       		.byte	0x20
 677 0464 06       		.uleb128 0x6
 678 0465 FD030000 		.4byte	.LASF79
 679 0469 04       		.byte	0x4
 680 046a AA       		.byte	0xaa
 681 046b 8C000000 		.4byte	0x8c
 682 046f 24       		.byte	0x24
 683 0470 06       		.uleb128 0x6
 684 0471 51040000 		.4byte	.LASF35
 685 0475 04       		.byte	0x4
 686 0476 AB       		.byte	0xab
 687 0477 8C000000 		.4byte	0x8c
 688 047b 28       		.byte	0x28
 689 047c 06       		.uleb128 0x6
 690 047d B6000000 		.4byte	.LASF28
 691 0481 04       		.byte	0x4
 692 0482 AC       		.byte	0xac
 693 0483 8C000000 		.4byte	0x8c
 694 0487 2C       		.byte	0x2c
 695 0488 00       		.byte	0
 696 0489 0B       		.uleb128 0xb
 697 048a 2F000000 		.4byte	.LASF80
 698 048e 18       		.byte	0x18
 699 048f 04       		.byte	0x4
 700 0490 C1       		.byte	0xc1
 701 0491 DD040000 		.4byte	0x4dd
 702 0495 0C       		.uleb128 0xc
 703 0496 494D5200 		.ascii	"IMR\000"
 704 049a 04       		.byte	0x4
 705 049b C2       		.byte	0xc2
 706 049c 8C000000 		.4byte	0x8c
 707 04a0 00       		.byte	0
 708 04a1 0C       		.uleb128 0xc
 709 04a2 454D5200 		.ascii	"EMR\000"
 710 04a6 04       		.byte	0x4
 711 04a7 C3       		.byte	0xc3
 712 04a8 8C000000 		.4byte	0x8c
 713 04ac 04       		.byte	0x4
 714 04ad 06       		.uleb128 0x6
 715 04ae 69040000 		.4byte	.LASF81
 716 04b2 04       		.byte	0x4
 717 04b3 C4       		.byte	0xc4
 718 04b4 8C000000 		.4byte	0x8c
 719 04b8 08       		.byte	0x8
 720 04b9 06       		.uleb128 0x6
 721 04ba 28040000 		.4byte	.LASF82
 722 04be 04       		.byte	0x4
 723 04bf C5       		.byte	0xc5
 724 04c0 8C000000 		.4byte	0x8c
 725 04c4 0C       		.byte	0xc
 726 04c5 06       		.uleb128 0x6
 727 04c6 A3040000 		.4byte	.LASF83
 728 04ca 04       		.byte	0x4
 729 04cb C6       		.byte	0xc6
 730 04cc 8C000000 		.4byte	0x8c
 731 04d0 10       		.byte	0x10
 732 04d1 0C       		.uleb128 0xc
 733 04d2 505200   		.ascii	"PR\000"
 734 04d5 04       		.byte	0x4
 735 04d6 C7       		.byte	0xc7
 736 04d7 8C000000 		.4byte	0x8c
 737 04db 14       		.byte	0x14
 738 04dc 00       		.byte	0
 739 04dd 0D       		.uleb128 0xd
 740 04de 3C040000 		.4byte	.LASF84
 741 04e2 01       		.byte	0x1
 742 04e3 04       		.byte	0x4
 743 04e4 00000000 		.4byte	.LFB392
 744 04e8 10000000 		.4byte	.LFE392-.LFB392
 745 04ec 01       		.uleb128 0x1
 746 04ed 9C       		.byte	0x9c
 747 04ee 0D       		.uleb128 0xd
 748 04ef 68020000 		.4byte	.LASF85
 749 04f3 01       		.byte	0x1
 750 04f4 0A       		.byte	0xa
 751 04f5 10000000 		.4byte	.LFB393
 752 04f9 40000000 		.4byte	.LFE393-.LFB393
 753 04fd 01       		.uleb128 0x1
 754 04fe 9C       		.byte	0x9c
 755 04ff 0E       		.uleb128 0xe
 756 0500 6E040000 		.4byte	.LASF94
 757 0504 01       		.byte	0x1
 758 0505 17       		.byte	0x17
 759 0506 8C000000 		.4byte	0x8c
 760 050a 50000000 		.4byte	.LFB394
 761 050e 14000000 		.4byte	.LFE394-.LFB394
 762 0512 01       		.uleb128 0x1
 763 0513 9C       		.byte	0x9c
 764 0514 0F       		.uleb128 0xf
 765 0515 A0030000 		.4byte	.LASF86
 766 0519 04       		.byte	0x4
 767 051a 2E02     		.2byte	0x22e
 768 051c 20050000 		.4byte	0x520
 769 0520 10       		.uleb128 0x10
 770 0521 97000000 		.4byte	0x97
 771 0525 11       		.uleb128 0x11
 772 0526 52434300 		.ascii	"RCC\000"
 773 052a 04       		.byte	0x4
 774 052b 3D02     		.2byte	0x23d
 775 052d 31050000 		.4byte	0x531
 776 0531 10       		.uleb128 0x10
 777 0532 93010000 		.4byte	0x193
 778 0536 0F       		.uleb128 0xf
 779 0537 22030000 		.4byte	.LASF87
 780 053b 04       		.byte	0x4
 781 053c 4402     		.2byte	0x244
 782 053e 42050000 		.4byte	0x542
 783 0542 10       		.uleb128 0x10
 784 0543 67030000 		.4byte	0x367
 785 0547 0F       		.uleb128 0xf
 786 0548 50010000 		.4byte	.LASF88
 787 054c 04       		.byte	0x4
 788 054d 4502     		.2byte	0x245
 789 054f 42050000 		.4byte	0x542
 790 0553 0F       		.uleb128 0xf
 791 0554 3E000000 		.4byte	.LASF89
 792 0558 04       		.byte	0x4
 793 0559 4E02     		.2byte	0x24e
 794 055b 5F050000 		.4byte	0x55f
 795 055f 10       		.uleb128 0x10
 796 0560 89040000 		.4byte	0x489
 797 0564 0F       		.uleb128 0xf
 798 0565 29010000 		.4byte	.LASF90
 799 0569 04       		.byte	0x4
 800 056a 4F02     		.2byte	0x24f
 801 056c 70050000 		.4byte	0x570
 802 0570 10       		.uleb128 0x10
 803 0571 EC030000 		.4byte	0x3ec
 804 0575 00       		.byte	0
 805              		.section	.debug_abbrev,"",%progbits
 806              	.Ldebug_abbrev0:
 807 0000 01       		.uleb128 0x1
 808 0001 11       		.uleb128 0x11
 809 0002 01       		.byte	0x1
 810 0003 25       		.uleb128 0x25
 811 0004 0E       		.uleb128 0xe
 812 0005 13       		.uleb128 0x13
 813 0006 0B       		.uleb128 0xb
 814 0007 03       		.uleb128 0x3
 815 0008 0E       		.uleb128 0xe
 816 0009 1B       		.uleb128 0x1b
 817 000a 0E       		.uleb128 0xe
 818 000b 11       		.uleb128 0x11
 819 000c 01       		.uleb128 0x1
 820 000d 12       		.uleb128 0x12
 821 000e 06       		.uleb128 0x6
 822 000f 10       		.uleb128 0x10
 823 0010 17       		.uleb128 0x17
 824 0011 00       		.byte	0
 825 0012 00       		.byte	0
 826 0013 02       		.uleb128 0x2
 827 0014 24       		.uleb128 0x24
 828 0015 00       		.byte	0
 829 0016 0B       		.uleb128 0xb
 830 0017 0B       		.uleb128 0xb
 831 0018 3E       		.uleb128 0x3e
 832 0019 0B       		.uleb128 0xb
 833 001a 03       		.uleb128 0x3
 834 001b 0E       		.uleb128 0xe
 835 001c 00       		.byte	0
 836 001d 00       		.byte	0
 837 001e 03       		.uleb128 0x3
 838 001f 16       		.uleb128 0x16
 839 0020 00       		.byte	0
 840 0021 03       		.uleb128 0x3
 841 0022 0E       		.uleb128 0xe
 842 0023 3A       		.uleb128 0x3a
 843 0024 0B       		.uleb128 0xb
 844 0025 3B       		.uleb128 0x3b
 845 0026 0B       		.uleb128 0xb
 846 0027 49       		.uleb128 0x49
 847 0028 13       		.uleb128 0x13
 848 0029 00       		.byte	0
 849 002a 00       		.byte	0
 850 002b 04       		.uleb128 0x4
 851 002c 24       		.uleb128 0x24
 852 002d 00       		.byte	0
 853 002e 0B       		.uleb128 0xb
 854 002f 0B       		.uleb128 0xb
 855 0030 3E       		.uleb128 0x3e
 856 0031 0B       		.uleb128 0xb
 857 0032 03       		.uleb128 0x3
 858 0033 08       		.uleb128 0x8
 859 0034 00       		.byte	0
 860 0035 00       		.byte	0
 861 0036 05       		.uleb128 0x5
 862 0037 13       		.uleb128 0x13
 863 0038 01       		.byte	0x1
 864 0039 03       		.uleb128 0x3
 865 003a 0E       		.uleb128 0xe
 866 003b 0B       		.uleb128 0xb
 867 003c 05       		.uleb128 0x5
 868 003d 3A       		.uleb128 0x3a
 869 003e 0B       		.uleb128 0xb
 870 003f 3B       		.uleb128 0x3b
 871 0040 0B       		.uleb128 0xb
 872 0041 01       		.uleb128 0x1
 873 0042 13       		.uleb128 0x13
 874 0043 00       		.byte	0
 875 0044 00       		.byte	0
 876 0045 06       		.uleb128 0x6
 877 0046 0D       		.uleb128 0xd
 878 0047 00       		.byte	0
 879 0048 03       		.uleb128 0x3
 880 0049 0E       		.uleb128 0xe
 881 004a 3A       		.uleb128 0x3a
 882 004b 0B       		.uleb128 0xb
 883 004c 3B       		.uleb128 0x3b
 884 004d 0B       		.uleb128 0xb
 885 004e 49       		.uleb128 0x49
 886 004f 13       		.uleb128 0x13
 887 0050 38       		.uleb128 0x38
 888 0051 0B       		.uleb128 0xb
 889 0052 00       		.byte	0
 890 0053 00       		.byte	0
 891 0054 07       		.uleb128 0x7
 892 0055 0D       		.uleb128 0xd
 893 0056 00       		.byte	0
 894 0057 03       		.uleb128 0x3
 895 0058 0E       		.uleb128 0xe
 896 0059 3A       		.uleb128 0x3a
 897 005a 0B       		.uleb128 0xb
 898 005b 3B       		.uleb128 0x3b
 899 005c 0B       		.uleb128 0xb
 900 005d 49       		.uleb128 0x49
 901 005e 13       		.uleb128 0x13
 902 005f 38       		.uleb128 0x38
 903 0060 05       		.uleb128 0x5
 904 0061 00       		.byte	0
 905 0062 00       		.byte	0
 906 0063 08       		.uleb128 0x8
 907 0064 0D       		.uleb128 0xd
 908 0065 00       		.byte	0
 909 0066 03       		.uleb128 0x3
 910 0067 08       		.uleb128 0x8
 911 0068 3A       		.uleb128 0x3a
 912 0069 0B       		.uleb128 0xb
 913 006a 3B       		.uleb128 0x3b
 914 006b 0B       		.uleb128 0xb
 915 006c 49       		.uleb128 0x49
 916 006d 13       		.uleb128 0x13
 917 006e 38       		.uleb128 0x38
 918 006f 05       		.uleb128 0x5
 919 0070 00       		.byte	0
 920 0071 00       		.byte	0
 921 0072 09       		.uleb128 0x9
 922 0073 01       		.uleb128 0x1
 923 0074 01       		.byte	0x1
 924 0075 49       		.uleb128 0x49
 925 0076 13       		.uleb128 0x13
 926 0077 01       		.uleb128 0x1
 927 0078 13       		.uleb128 0x13
 928 0079 00       		.byte	0
 929 007a 00       		.byte	0
 930 007b 0A       		.uleb128 0xa
 931 007c 21       		.uleb128 0x21
 932 007d 00       		.byte	0
 933 007e 49       		.uleb128 0x49
 934 007f 13       		.uleb128 0x13
 935 0080 2F       		.uleb128 0x2f
 936 0081 0B       		.uleb128 0xb
 937 0082 00       		.byte	0
 938 0083 00       		.byte	0
 939 0084 0B       		.uleb128 0xb
 940 0085 13       		.uleb128 0x13
 941 0086 01       		.byte	0x1
 942 0087 03       		.uleb128 0x3
 943 0088 0E       		.uleb128 0xe
 944 0089 0B       		.uleb128 0xb
 945 008a 0B       		.uleb128 0xb
 946 008b 3A       		.uleb128 0x3a
 947 008c 0B       		.uleb128 0xb
 948 008d 3B       		.uleb128 0x3b
 949 008e 0B       		.uleb128 0xb
 950 008f 01       		.uleb128 0x1
 951 0090 13       		.uleb128 0x13
 952 0091 00       		.byte	0
 953 0092 00       		.byte	0
 954 0093 0C       		.uleb128 0xc
 955 0094 0D       		.uleb128 0xd
 956 0095 00       		.byte	0
 957 0096 03       		.uleb128 0x3
 958 0097 08       		.uleb128 0x8
 959 0098 3A       		.uleb128 0x3a
 960 0099 0B       		.uleb128 0xb
 961 009a 3B       		.uleb128 0x3b
 962 009b 0B       		.uleb128 0xb
 963 009c 49       		.uleb128 0x49
 964 009d 13       		.uleb128 0x13
 965 009e 38       		.uleb128 0x38
 966 009f 0B       		.uleb128 0xb
 967 00a0 00       		.byte	0
 968 00a1 00       		.byte	0
 969 00a2 0D       		.uleb128 0xd
 970 00a3 2E       		.uleb128 0x2e
 971 00a4 00       		.byte	0
 972 00a5 3F       		.uleb128 0x3f
 973 00a6 19       		.uleb128 0x19
 974 00a7 03       		.uleb128 0x3
 975 00a8 0E       		.uleb128 0xe
 976 00a9 3A       		.uleb128 0x3a
 977 00aa 0B       		.uleb128 0xb
 978 00ab 3B       		.uleb128 0x3b
 979 00ac 0B       		.uleb128 0xb
 980 00ad 11       		.uleb128 0x11
 981 00ae 01       		.uleb128 0x1
 982 00af 12       		.uleb128 0x12
 983 00b0 06       		.uleb128 0x6
 984 00b1 40       		.uleb128 0x40
 985 00b2 18       		.uleb128 0x18
 986 00b3 9742     		.uleb128 0x2117
 987 00b5 19       		.uleb128 0x19
 988 00b6 00       		.byte	0
 989 00b7 00       		.byte	0
 990 00b8 0E       		.uleb128 0xe
 991 00b9 2E       		.uleb128 0x2e
 992 00ba 00       		.byte	0
 993 00bb 3F       		.uleb128 0x3f
 994 00bc 19       		.uleb128 0x19
 995 00bd 03       		.uleb128 0x3
 996 00be 0E       		.uleb128 0xe
 997 00bf 3A       		.uleb128 0x3a
 998 00c0 0B       		.uleb128 0xb
 999 00c1 3B       		.uleb128 0x3b
 1000 00c2 0B       		.uleb128 0xb
 1001 00c3 49       		.uleb128 0x49
 1002 00c4 13       		.uleb128 0x13
 1003 00c5 11       		.uleb128 0x11
 1004 00c6 01       		.uleb128 0x1
 1005 00c7 12       		.uleb128 0x12
 1006 00c8 06       		.uleb128 0x6
 1007 00c9 40       		.uleb128 0x40
 1008 00ca 18       		.uleb128 0x18
 1009 00cb 9742     		.uleb128 0x2117
 1010 00cd 19       		.uleb128 0x19
 1011 00ce 00       		.byte	0
 1012 00cf 00       		.byte	0
 1013 00d0 0F       		.uleb128 0xf
 1014 00d1 34       		.uleb128 0x34
 1015 00d2 00       		.byte	0
 1016 00d3 03       		.uleb128 0x3
 1017 00d4 0E       		.uleb128 0xe
 1018 00d5 3A       		.uleb128 0x3a
 1019 00d6 0B       		.uleb128 0xb
 1020 00d7 3B       		.uleb128 0x3b
 1021 00d8 05       		.uleb128 0x5
 1022 00d9 49       		.uleb128 0x49
 1023 00da 13       		.uleb128 0x13
 1024 00db 3F       		.uleb128 0x3f
 1025 00dc 19       		.uleb128 0x19
 1026 00dd 3C       		.uleb128 0x3c
 1027 00de 19       		.uleb128 0x19
 1028 00df 00       		.byte	0
 1029 00e0 00       		.byte	0
 1030 00e1 10       		.uleb128 0x10
 1031 00e2 35       		.uleb128 0x35
 1032 00e3 00       		.byte	0
 1033 00e4 49       		.uleb128 0x49
 1034 00e5 13       		.uleb128 0x13
 1035 00e6 00       		.byte	0
 1036 00e7 00       		.byte	0
 1037 00e8 11       		.uleb128 0x11
 1038 00e9 34       		.uleb128 0x34
 1039 00ea 00       		.byte	0
 1040 00eb 03       		.uleb128 0x3
 1041 00ec 08       		.uleb128 0x8
 1042 00ed 3A       		.uleb128 0x3a
 1043 00ee 0B       		.uleb128 0xb
 1044 00ef 3B       		.uleb128 0x3b
 1045 00f0 05       		.uleb128 0x5
 1046 00f1 49       		.uleb128 0x49
 1047 00f2 13       		.uleb128 0x13
 1048 00f3 3F       		.uleb128 0x3f
 1049 00f4 19       		.uleb128 0x19
 1050 00f5 3C       		.uleb128 0x3c
 1051 00f6 19       		.uleb128 0x19
 1052 00f7 00       		.byte	0
 1053 00f8 00       		.byte	0
 1054 00f9 00       		.byte	0
 1055              		.section	.debug_aranges,"",%progbits
 1056 0000 1C000000 		.4byte	0x1c
 1057 0004 0200     		.2byte	0x2
 1058 0006 00000000 		.4byte	.Ldebug_info0
 1059 000a 04       		.byte	0x4
 1060 000b 00       		.byte	0
 1061 000c 0000     		.2byte	0
 1062 000e 0000     		.2byte	0
 1063 0010 00000000 		.4byte	.Ltext0
 1064 0014 64000000 		.4byte	.Letext0-.Ltext0
 1065 0018 00000000 		.4byte	0
 1066 001c 00000000 		.4byte	0
 1067              		.section	.debug_line,"",%progbits
 1068              	.Ldebug_line0:
 1069 0000 AB000000 		.section	.debug_str,"MS",%progbits,1
 1069      02008D00 
 1069      00000201 
 1069      FB0E0D00 
 1069      01010101 
 1070              	.LASF45:
 1071 0000 41484231 		.ascii	"AHB1LPENR\000"
 1071      4C50454E 
 1071      5200
 1072              	.LASF21:
 1073 000a 49414252 		.ascii	"IABR\000"
 1073      00
 1074              	.LASF52:
 1075 000f 5F726573 		.ascii	"_reserved_0x6c\000"
 1075      65727665 
 1075      645F3078 
 1075      366300
 1076              	.LASF33:
 1077 001e 41504231 		.ascii	"APB1RSTR\000"
 1077      52535452 
 1077      00
 1078              	.LASF38:
 1079 0027 41484232 		.ascii	"AHB2ENR\000"
 1079      454E5200 
 1080              	.LASF80:
 1081 002f 45585449 		.ascii	"EXTI_registers\000"
 1081      5F726567 
 1081      69737465 
 1081      727300
 1082              	.LASF89:
 1083 003e 45585449 		.ascii	"EXTI\000"
 1083      00
 1084              	.LASF2:
 1085 0043 73686F72 		.ascii	"short int\000"
 1085      7420696E 
 1085      7400
 1086              	.LASF24:
 1087 004d 73697A65 		.ascii	"sizetype\000"
 1087      74797065 
 1087      00
 1088              	.LASF53:
 1089 0056 42444352 		.ascii	"BDCR\000"
 1089      00
 1090              	.LASF60:
 1091 005b 434B4741 		.ascii	"CKGATENR\000"
 1091      54454E52 
 1091      00
 1092              	.LASF54:
 1093 0064 5F726573 		.ascii	"_reserved_0x78\000"
 1093      65727665 
 1093      645F3078 
 1093      373800
 1094              	.LASF57:
 1095 0073 504C4C49 		.ascii	"PLLI2SCFGR\000"
 1095      32534346 
 1095      475200
 1096              	.LASF8:
 1097 007e 6C6F6E67 		.ascii	"long long int\000"
 1097      206C6F6E 
 1097      6720696E 
 1097      7400
 1098              	.LASF6:
 1099 008c 5F5F7569 		.ascii	"__uint32_t\000"
 1099      6E743332 
 1099      5F7400
 1100              	.LASF56:
 1101 0097 53534347 		.ascii	"SSCGR\000"
 1101      5200
 1102              	.LASF62:
 1103 009d 4750494F 		.ascii	"GPIO_registers\000"
 1103      5F726567 
 1103      69737465 
 1103      727300
 1104              	.LASF47:
 1105 00ac 41484233 		.ascii	"AHB3LPENR\000"
 1105      4C50454E 
 1105      5200
 1106              	.LASF28:
 1107 00b6 43464752 		.ascii	"CFGR\000"
 1107      00
 1108              	.LASF11:
 1109 00bb 75696E74 		.ascii	"uint8_t\000"
 1109      385F7400 
 1110              	.LASF43:
 1111 00c3 5F726573 		.ascii	"_reserved_0x48\000"
 1111      65727665 
 1111      645F3078 
 1111      343800
 1112              	.LASF41:
 1113 00d2 41504231 		.ascii	"APB1ENR\000"
 1113      454E5200 
 1114              	.LASF93:
 1115 00da 2F686F6D 		.ascii	"/home/tom/COURS/S6/Projet_boiteMusique/c_project\000"
 1115      652F746F 
 1115      6D2F434F 
 1115      5552532F 
 1115      53362F50 
 1116              	.LASF64:
 1117 010b 4F545950 		.ascii	"OTYPER\000"
 1117      455200
 1118              	.LASF59:
 1119 0112 44434B43 		.ascii	"DCKCFGR\000"
 1119      46475200 
 1120              	.LASF55:
 1121 011a 5F726573 		.ascii	"_reserved_0x7c\000"
 1121      65727665 
 1121      645F3078 
 1121      376300
 1122              	.LASF90:
 1123 0129 53595343 		.ascii	"SYSCFG\000"
 1123      464700
 1124              	.LASF39:
 1125 0130 41484233 		.ascii	"AHB3ENR\000"
 1125      454E5200 
 1126              	.LASF71:
 1127 0138 53595343 		.ascii	"SYSCFG_registers\000"
 1127      46475F72 
 1127      65676973 
 1127      74657273 
 1127      00
 1128              	.LASF72:
 1129 0149 4D454D52 		.ascii	"MEMRMP\000"
 1129      4D5000
 1130              	.LASF88:
 1131 0150 4750494F 		.ascii	"GPIOB\000"
 1131      4200
 1132              	.LASF66:
 1133 0156 50555044 		.ascii	"PUPDR\000"
 1133      5200
 1134              	.LASF22:
 1135 015c 5F726573 		.ascii	"_reserved_0x20c_0x300\000"
 1135      65727665 
 1135      645F3078 
 1135      3230635F 
 1135      30783330 
 1136              	.LASF77:
 1137 0172 5F726573 		.ascii	"_reserved_0x18\000"
 1137      65727665 
 1137      645F3078 
 1137      313800
 1138              	.LASF4:
 1139 0181 6C6F6E67 		.ascii	"long int\000"
 1139      20696E74 
 1139      00
 1140              	.LASF67:
 1141 018a 42535252 		.ascii	"BSRR\000"
 1141      00
 1142              	.LASF61:
 1143 018f 44434B43 		.ascii	"DCKCFGR2\000"
 1143      46475232 
 1143      00
 1144              	.LASF63:
 1145 0198 4D4F4445 		.ascii	"MODER\000"
 1145      5200
 1146              	.LASF34:
 1147 019e 41504232 		.ascii	"APB2RSTR\000"
 1147      52535452 
 1147      00
 1148              	.LASF5:
 1149 01a7 5F5F7569 		.ascii	"__uint8_t\000"
 1149      6E74385F 
 1149      7400
 1150              	.LASF92:
 1151 01b1 7372632F 		.ascii	"src/button.c\000"
 1151      62757474 
 1151      6F6E2E63 
 1151      00
 1152              	.LASF91:
 1153 01be 474E5520 		.ascii	"GNU C 4.9.3 20150529 (prerelease) -mtune=cortex-m4 "
 1153      4320342E 
 1153      392E3320 
 1153      32303135 
 1153      30353239 
 1154 01f1 2D6D7468 		.ascii	"-mthumb -march=armv7e-m -mfloat-abi=hard -mfpu=fpv4"
 1154      756D6220 
 1154      2D6D6172 
 1154      63683D61 
 1154      726D7637 
 1155 0224 2D73702D 		.ascii	"-sp-d16 -g -O0 -Os -fsingle-precision-constant\000"
 1155      64313620 
 1155      2D67202D 
 1155      4F30202D 
 1155      4F73202D 
 1156              	.LASF25:
 1157 0253 4E564943 		.ascii	"NVIC_registers\000"
 1157      5F726567 
 1157      69737465 
 1157      727300
 1158              	.LASF78:
 1159 0262 434D5043 		.ascii	"CMPCR\000"
 1159      5200
 1160              	.LASF85:
 1161 0268 62757474 		.ascii	"button_irq_init\000"
 1161      6F6E5F69 
 1161      72715F69 
 1161      6E697400 
 1162              	.LASF1:
 1163 0278 756E7369 		.ascii	"unsigned char\000"
 1163      676E6564 
 1163      20636861 
 1163      7200
 1164              	.LASF44:
 1165 0286 5F726573 		.ascii	"_reserved_0x4c\000"
 1165      65727665 
 1165      645F3078 
 1165      346300
 1166              	.LASF42:
 1167 0295 41504232 		.ascii	"APB2ENR\000"
 1167      454E5200 
 1168              	.LASF19:
 1169 029d 49435052 		.ascii	"ICPR\000"
 1169      00
 1170              	.LASF0:
 1171 02a2 7369676E 		.ascii	"signed char\000"
 1171      65642063 
 1171      68617200 
 1172              	.LASF9:
 1173 02ae 6C6F6E67 		.ascii	"long long unsigned int\000"
 1173      206C6F6E 
 1173      6720756E 
 1173      7369676E 
 1173      65642069 
 1174              	.LASF12:
 1175 02c5 75696E74 		.ascii	"uint32_t\000"
 1175      33325F74 
 1175      00
 1176              	.LASF10:
 1177 02ce 756E7369 		.ascii	"unsigned int\000"
 1177      676E6564 
 1177      20696E74 
 1177      00
 1178              	.LASF30:
 1179 02db 41484232 		.ascii	"AHB2RSTR\000"
 1179      52535452 
 1179      00
 1180              	.LASF73:
 1181 02e4 45585449 		.ascii	"EXTICR1\000"
 1181      43523100 
 1182              	.LASF74:
 1183 02ec 45585449 		.ascii	"EXTICR2\000"
 1183      43523200 
 1184              	.LASF75:
 1185 02f4 45585449 		.ascii	"EXTICR3\000"
 1185      43523300 
 1186              	.LASF76:
 1187 02fc 45585449 		.ascii	"EXTICR4\000"
 1187      43523400 
 1188              	.LASF26:
 1189 0304 5243435F 		.ascii	"RCC_registers\000"
 1189      72656769 
 1189      73746572 
 1189      7300
 1190              	.LASF23:
 1191 0312 5F726573 		.ascii	"_reserved_bytes\000"
 1191      65727665 
 1191      645F6279 
 1191      74657300 
 1192              	.LASF87:
 1193 0322 4750494F 		.ascii	"GPIOC\000"
 1193      4300
 1194              	.LASF16:
 1195 0328 5F726573 		.ascii	"_reserved_0x8c_0x100\000"
 1195      65727665 
 1195      645F3078 
 1195      38635F30 
 1195      78313030 
 1196              	.LASF70:
 1197 033d 41465248 		.ascii	"AFRH\000"
 1197      00
 1198              	.LASF27:
 1199 0342 504C4C43 		.ascii	"PLLCFGR\000"
 1199      46475200 
 1200              	.LASF69:
 1201 034a 4146524C 		.ascii	"AFRL\000"
 1201      00
 1202              	.LASF49:
 1203 034f 41504231 		.ascii	"APB1LPENR\000"
 1203      4C50454E 
 1203      5200
 1204              	.LASF17:
 1205 0359 49535052 		.ascii	"ISPR\000"
 1205      00
 1206              	.LASF3:
 1207 035e 73686F72 		.ascii	"short unsigned int\000"
 1207      7420756E 
 1207      7369676E 
 1207      65642069 
 1207      6E7400
 1208              	.LASF20:
 1209 0371 5F726573 		.ascii	"_reserved_0x18c_0x200\000"
 1209      65727665 
 1209      645F3078 
 1209      3138635F 
 1209      30783230 
 1210              	.LASF32:
 1211 0387 5F726573 		.ascii	"_reserved_0x1c\000"
 1211      65727665 
 1211      645F3078 
 1211      316300
 1212              	.LASF46:
 1213 0396 41484232 		.ascii	"AHB2LPENR\000"
 1213      4C50454E 
 1213      5200
 1214              	.LASF86:
 1215 03a0 4E564943 		.ascii	"NVIC\000"
 1215      00
 1216              	.LASF15:
 1217 03a5 49434552 		.ascii	"ICER\000"
 1217      00
 1218              	.LASF13:
 1219 03aa 49534552 		.ascii	"ISER\000"
 1219      00
 1220              	.LASF65:
 1221 03af 4F535045 		.ascii	"OSPEEDR\000"
 1221      45445200 
 1222              	.LASF7:
 1223 03b7 6C6F6E67 		.ascii	"long unsigned int\000"
 1223      20756E73 
 1223      69676E65 
 1223      6420696E 
 1223      7400
 1224              	.LASF18:
 1225 03c9 5F726573 		.ascii	"_reserved_0x10c_0x180\000"
 1225      65727665 
 1225      645F3078 
 1225      3130635F 
 1225      30783138 
 1226              	.LASF48:
 1227 03df 5F726573 		.ascii	"_reserved_0x5c\000"
 1227      65727665 
 1227      645F3078 
 1227      356300
 1228              	.LASF40:
 1229 03ee 5F726573 		.ascii	"_reserved_0x3c\000"
 1229      65727665 
 1229      645F3078 
 1229      336300
 1230              	.LASF79:
 1231 03fd 5F726573 		.ascii	"_reserved_0x24\000"
 1231      65727665 
 1231      645F3078 
 1231      323400
 1232              	.LASF37:
 1233 040c 41484231 		.ascii	"AHB1ENR\000"
 1233      454E5200 
 1234              	.LASF14:
 1235 0414 5F726573 		.ascii	"_reserved_0x0c_0x80\000"
 1235      65727665 
 1235      645F3078 
 1235      30635F30 
 1235      78383000 
 1236              	.LASF82:
 1237 0428 46545352 		.ascii	"FTSR\000"
 1237      00
 1238              	.LASF51:
 1239 042d 5F726573 		.ascii	"_reserved_0x68\000"
 1239      65727665 
 1239      645F3078 
 1239      363800
 1240              	.LASF84:
 1241 043c 62757474 		.ascii	"button_init\000"
 1241      6F6E5F69 
 1241      6E697400 
 1242              	.LASF29:
 1243 0448 41484231 		.ascii	"AHB1RSTR\000"
 1243      52535452 
 1243      00
 1244              	.LASF35:
 1245 0451 5F726573 		.ascii	"_reserved_0x28\000"
 1245      65727665 
 1245      645F3078 
 1245      323800
 1246              	.LASF31:
 1247 0460 41484233 		.ascii	"AHB3RSTR\000"
 1247      52535452 
 1247      00
 1248              	.LASF81:
 1249 0469 52545352 		.ascii	"RTSR\000"
 1249      00
 1250              	.LASF94:
 1251 046e 62757474 		.ascii	"button_poll\000"
 1251      6F6E5F70 
 1251      6F6C6C00 
 1252              	.LASF58:
 1253 047a 504C4C53 		.ascii	"PLLSAICFGR\000"
 1253      41494346 
 1253      475200
 1254              	.LASF68:
 1255 0485 4C434B52 		.ascii	"LCKR\000"
 1255      00
 1256              	.LASF50:
 1257 048a 41504232 		.ascii	"APB2LPENR\000"
 1257      4C50454E 
 1257      5200
 1258              	.LASF36:
 1259 0494 5F726573 		.ascii	"_reserved_0x2c\000"
 1259      65727665 
 1259      645F3078 
 1259      326300
 1260              	.LASF83:
 1261 04a3 53574945 		.ascii	"SWIER\000"
 1261      5200
 1262              		.ident	"GCC: (15:4.9.3+svn231177-1) 4.9.3 20150529 (prerelease)"
DEFINED SYMBOLS
                            *ABS*:0000000000000000 button.c
     /tmp/cczXxxyw.s:20     .text:0000000000000000 $t
     /tmp/cczXxxyw.s:25     .text:0000000000000000 button_init
     /tmp/cczXxxyw.s:44     .text:000000000000000c $d
     /tmp/cczXxxyw.s:48     .text:0000000000000010 $t
     /tmp/cczXxxyw.s:53     .text:0000000000000010 button_irq_init
     /tmp/cczXxxyw.s:87     .text:0000000000000044 $d
     /tmp/cczXxxyw.s:93     .text:0000000000000050 $t
     /tmp/cczXxxyw.s:98     .text:0000000000000050 button_poll
     /tmp/cczXxxyw.s:115    .text:0000000000000060 $d
                     .debug_frame:0000000000000010 $d

UNDEFINED SYMBOLS
GPIOB
SYSCFG
EXTI
NVIC
GPIOC
