   1              		.syntax unified
   2              		.arch armv7e-m
   3              		.eabi_attribute 27, 1
   4              		.eabi_attribute 28, 1
   5              		.fpu fpv4-sp-d16
   6              		.eabi_attribute 20, 1
   7              		.eabi_attribute 21, 1
   8              		.eabi_attribute 23, 3
   9              		.eabi_attribute 24, 1
  10              		.eabi_attribute 25, 1
  11              		.eabi_attribute 26, 1
  12              		.eabi_attribute 30, 4
  13              		.eabi_attribute 34, 1
  14              		.eabi_attribute 18, 4
  15              		.thumb
  16              		.file	"led.c"
  17              		.text
  18              	.Ltext0:
  19              		.cfi_sections	.debug_frame
  20              		.align	1
  21              		.global	led_init
  22              		.thumb
  23              		.thumb_func
  24              		.type	led_init, %function
  25              	led_init:
  26              	.LFB392:
  27              		.file 1 "src/led.c"
   1:src/led.c     **** #include "sys/devices.h"
   2:src/led.c     **** #include "sys/cm4.h"
   3:src/led.c     **** #include "sys/clock.h"
   4:src/led.c     **** 
   5:src/led.c     **** void led_init() {
  28              		.loc 1 5 0
  29              		.cfi_startproc
  30              		@ args = 0, pretend = 0, frame = 0
  31              		@ frame_needed = 0, uses_anonymous_args = 0
  32              		@ link register save eliminated.
   6:src/led.c     ****   /* Configure PA4-PA10 as outputs, push-pull, high speed*/
   7:src/led.c     **** 	GPIOA.MODER = (GPIOA.MODER & ~(0x3FFF<<8)) | (0x1555<<8);
  33              		.loc 1 7 0
  34 0000 0A4A     		ldr	r2, .L2
  35 0002 1368     		ldr	r3, [r2]
  36 0004 23F47F13 		bic	r3, r3, #4177920
  37 0008 23F47C53 		bic	r3, r3, #16128
  38 000c 43F4AA13 		orr	r3, r3, #1392640
  39 0010 43F4A853 		orr	r3, r3, #5376
  40 0014 1360     		str	r3, [r2]
   8:src/led.c     **** 	GPIOA.OTYPER  &= ~(0x7F<<4);
  41              		.loc 1 8 0
  42 0016 5368     		ldr	r3, [r2, #4]
  43 0018 23F4FE63 		bic	r3, r3, #2032
  44 001c 5360     		str	r3, [r2, #4]
   9:src/led.c     **** 	GPIOA.OSPEEDR |= (0x3FFF<<10);
  45              		.loc 1 9 0
  46 001e 9368     		ldr	r3, [r2, #8]
  47 0020 43F47F03 		orr	r3, r3, #16711680
  48 0024 43F47C43 		orr	r3, r3, #64512
  49 0028 9360     		str	r3, [r2, #8]
  50 002a 7047     		bx	lr
  51              	.L3:
  52              		.align	2
  53              	.L2:
  54 002c 00000000 		.word	GPIOA
  55              		.cfi_endproc
  56              	.LFE392:
  57              		.size	led_init, .-led_init
  58              		.align	1
  59              		.global	led_tri_set
  60              		.thumb
  61              		.thumb_func
  62              		.type	led_tri_set, %function
  63              	led_tri_set:
  64              	.LFB393:
  10:src/led.c     **** 
  11:src/led.c     **** }
  12:src/led.c     **** 
  13:src/led.c     **** 
  14:src/led.c     **** void led_tri_set(uint32_t status) {
  65              		.loc 1 14 0
  66              		.cfi_startproc
  67              		@ args = 0, pretend = 0, frame = 0
  68              		@ frame_needed = 0, uses_anonymous_args = 0
  69              		@ link register save eliminated.
  70              	.LVL0:
  15:src/led.c     ****   GPIOA.ODR = (GPIOA.ODR & ~(7<<8) ) | (1<<(8+status));
  71              		.loc 1 15 0
  72 0030 0449     		ldr	r1, .L5
  73 0032 4B69     		ldr	r3, [r1, #20]
  74 0034 0830     		adds	r0, r0, #8
  75              	.LVL1:
  76 0036 0122     		movs	r2, #1
  77 0038 8240     		lsls	r2, r2, r0
  78 003a 23F4E063 		bic	r3, r3, #1792
  79 003e 1343     		orrs	r3, r3, r2
  80 0040 4B61     		str	r3, [r1, #20]
  81 0042 7047     		bx	lr
  82              	.L6:
  83              		.align	2
  84              	.L5:
  85 0044 00000000 		.word	GPIOA
  86              		.cfi_endproc
  87              	.LFE393:
  88              		.size	led_tri_set, .-led_tri_set
  89              	.Letext0:
  90              		.file 2 "/usr/include/newlib/machine/_default_types.h"
  91              		.file 3 "/usr/include/newlib/sys/_stdint.h"
  92              		.file 4 "src/sys/devices.h"
  93              		.section	.debug_info,"",%progbits
  94              	.Ldebug_info0:
  95 0000 36030000 		.4byte	0x336
  96 0004 0400     		.2byte	0x4
  97 0006 00000000 		.4byte	.Ldebug_abbrev0
  98 000a 04       		.byte	0x4
  99 000b 01       		.uleb128 0x1
 100 000c 64010000 		.4byte	.LASF58
 101 0010 01       		.byte	0x1
 102 0011 F0020000 		.4byte	.LASF59
 103 0015 CD000000 		.4byte	.LASF60
 104 0019 00000000 		.4byte	.Ltext0
 105 001d 48000000 		.4byte	.Letext0-.Ltext0
 106 0021 00000000 		.4byte	.Ldebug_line0
 107 0025 02       		.uleb128 0x2
 108 0026 01       		.byte	0x1
 109 0027 06       		.byte	0x6
 110 0028 1E020000 		.4byte	.LASF0
 111 002c 02       		.uleb128 0x2
 112 002d 01       		.byte	0x1
 113 002e 08       		.byte	0x8
 114 002f F9010000 		.4byte	.LASF1
 115 0033 02       		.uleb128 0x2
 116 0034 02       		.byte	0x2
 117 0035 05       		.byte	0x5
 118 0036 2A000000 		.4byte	.LASF2
 119 003a 02       		.uleb128 0x2
 120 003b 02       		.byte	0x2
 121 003c 07       		.byte	0x7
 122 003d 87020000 		.4byte	.LASF3
 123 0041 02       		.uleb128 0x2
 124 0042 04       		.byte	0x4
 125 0043 05       		.byte	0x5
 126 0044 3E010000 		.4byte	.LASF4
 127 0048 03       		.uleb128 0x3
 128 0049 65000000 		.4byte	.LASF9
 129 004d 02       		.byte	0x2
 130 004e 41       		.byte	0x41
 131 004f 53000000 		.4byte	0x53
 132 0053 02       		.uleb128 0x2
 133 0054 04       		.byte	0x4
 134 0055 07       		.byte	0x7
 135 0056 C7020000 		.4byte	.LASF5
 136 005a 02       		.uleb128 0x2
 137 005b 08       		.byte	0x8
 138 005c 05       		.byte	0x5
 139 005d 2A010000 		.4byte	.LASF6
 140 0061 02       		.uleb128 0x2
 141 0062 08       		.byte	0x8
 142 0063 07       		.byte	0x7
 143 0064 2A020000 		.4byte	.LASF7
 144 0068 04       		.uleb128 0x4
 145 0069 04       		.byte	0x4
 146 006a 05       		.byte	0x5
 147 006b 696E7400 		.ascii	"int\000"
 148 006f 02       		.uleb128 0x2
 149 0070 04       		.byte	0x4
 150 0071 07       		.byte	0x7
 151 0072 4A020000 		.4byte	.LASF8
 152 0076 03       		.uleb128 0x3
 153 0077 41020000 		.4byte	.LASF10
 154 007b 03       		.byte	0x3
 155 007c 20       		.byte	0x20
 156 007d 48000000 		.4byte	0x48
 157 0081 02       		.uleb128 0x2
 158 0082 04       		.byte	0x4
 159 0083 07       		.byte	0x7
 160 0084 34000000 		.4byte	.LASF11
 161 0088 05       		.uleb128 0x5
 162 0089 60020000 		.4byte	.LASF47
 163 008d 98       		.byte	0x98
 164 008e 04       		.byte	0x4
 165 008f 68       		.byte	0x68
 166 0090 5C020000 		.4byte	0x25c
 167 0094 06       		.uleb128 0x6
 168 0095 435200   		.ascii	"CR\000"
 169 0098 04       		.byte	0x4
 170 0099 69       		.byte	0x69
 171 009a 76000000 		.4byte	0x76
 172 009e 00       		.byte	0
 173 009f 07       		.uleb128 0x7
 174 00a0 73020000 		.4byte	.LASF12
 175 00a4 04       		.byte	0x4
 176 00a5 6A       		.byte	0x6a
 177 00a6 76000000 		.4byte	0x76
 178 00aa 04       		.byte	0x4
 179 00ab 07       		.uleb128 0x7
 180 00ac 98000000 		.4byte	.LASF13
 181 00b0 04       		.byte	0x4
 182 00b1 6B       		.byte	0x6b
 183 00b2 76000000 		.4byte	0x76
 184 00b6 08       		.byte	0x8
 185 00b7 06       		.uleb128 0x6
 186 00b8 43495200 		.ascii	"CIR\000"
 187 00bc 04       		.byte	0x4
 188 00bd 6C       		.byte	0x6c
 189 00be 76000000 		.4byte	0x76
 190 00c2 0C       		.byte	0xc
 191 00c3 07       		.uleb128 0x7
 192 00c4 09030000 		.4byte	.LASF14
 193 00c8 04       		.byte	0x4
 194 00c9 6D       		.byte	0x6d
 195 00ca 76000000 		.4byte	0x76
 196 00ce 10       		.byte	0x10
 197 00cf 07       		.uleb128 0x7
 198 00d0 57020000 		.4byte	.LASF15
 199 00d4 04       		.byte	0x4
 200 00d5 6E       		.byte	0x6e
 201 00d6 76000000 		.4byte	0x76
 202 00da 14       		.byte	0x14
 203 00db 07       		.uleb128 0x7
 204 00dc 21030000 		.4byte	.LASF16
 205 00e0 04       		.byte	0x4
 206 00e1 6F       		.byte	0x6f
 207 00e2 76000000 		.4byte	0x76
 208 00e6 18       		.byte	0x18
 209 00e7 07       		.uleb128 0x7
 210 00e8 9A020000 		.4byte	.LASF17
 211 00ec 04       		.byte	0x4
 212 00ed 70       		.byte	0x70
 213 00ee 76000000 		.4byte	0x76
 214 00f2 1C       		.byte	0x1c
 215 00f3 07       		.uleb128 0x7
 216 00f4 19000000 		.4byte	.LASF18
 217 00f8 04       		.byte	0x4
 218 00f9 71       		.byte	0x71
 219 00fa 76000000 		.4byte	0x76
 220 00fe 20       		.byte	0x20
 221 00ff 07       		.uleb128 0x7
 222 0100 5B010000 		.4byte	.LASF19
 223 0104 04       		.byte	0x4
 224 0105 72       		.byte	0x72
 225 0106 76000000 		.4byte	0x76
 226 010a 24       		.byte	0x24
 227 010b 07       		.uleb128 0x7
 228 010c 12030000 		.4byte	.LASF20
 229 0110 04       		.byte	0x4
 230 0111 73       		.byte	0x73
 231 0112 76000000 		.4byte	0x76
 232 0116 28       		.byte	0x28
 233 0117 07       		.uleb128 0x7
 234 0118 44030000 		.4byte	.LASF21
 235 011c 04       		.byte	0x4
 236 011d 74       		.byte	0x74
 237 011e 76000000 		.4byte	0x76
 238 0122 2C       		.byte	0x2c
 239 0123 07       		.uleb128 0x7
 240 0124 E8020000 		.4byte	.LASF22
 241 0128 04       		.byte	0x4
 242 0129 75       		.byte	0x75
 243 012a 76000000 		.4byte	0x76
 244 012e 30       		.byte	0x30
 245 012f 07       		.uleb128 0x7
 246 0130 22000000 		.4byte	.LASF23
 247 0134 04       		.byte	0x4
 248 0135 76       		.byte	0x76
 249 0136 76000000 		.4byte	0x76
 250 013a 34       		.byte	0x34
 251 013b 07       		.uleb128 0x7
 252 013c 1C010000 		.4byte	.LASF24
 253 0140 04       		.byte	0x4
 254 0141 77       		.byte	0x77
 255 0142 76000000 		.4byte	0x76
 256 0146 38       		.byte	0x38
 257 0147 07       		.uleb128 0x7
 258 0148 9D000000 		.4byte	.LASF25
 259 014c 04       		.byte	0x4
 260 014d 78       		.byte	0x78
 261 014e 76000000 		.4byte	0x76
 262 0152 3C       		.byte	0x3c
 263 0153 07       		.uleb128 0x7
 264 0154 BB000000 		.4byte	.LASF26
 265 0158 04       		.byte	0x4
 266 0159 79       		.byte	0x79
 267 015a 76000000 		.4byte	0x76
 268 015e 40       		.byte	0x40
 269 015f 07       		.uleb128 0x7
 270 0160 16020000 		.4byte	.LASF27
 271 0164 04       		.byte	0x4
 272 0165 7A       		.byte	0x7a
 273 0166 76000000 		.4byte	0x76
 274 016a 44       		.byte	0x44
 275 016b 07       		.uleb128 0x7
 276 016c AC000000 		.4byte	.LASF28
 277 0170 04       		.byte	0x4
 278 0171 7B       		.byte	0x7b
 279 0172 76000000 		.4byte	0x76
 280 0176 48       		.byte	0x48
 281 0177 07       		.uleb128 0x7
 282 0178 07020000 		.4byte	.LASF29
 283 017c 04       		.byte	0x4
 284 017d 7C       		.byte	0x7c
 285 017e 76000000 		.4byte	0x76
 286 0182 4C       		.byte	0x4c
 287 0183 07       		.uleb128 0x7
 288 0184 00000000 		.4byte	.LASF30
 289 0188 04       		.byte	0x4
 290 0189 7D       		.byte	0x7d
 291 018a 76000000 		.4byte	0x76
 292 018e 50       		.byte	0x50
 293 018f 07       		.uleb128 0x7
 294 0190 A9020000 		.4byte	.LASF31
 295 0194 04       		.byte	0x4
 296 0195 7E       		.byte	0x7e
 297 0196 76000000 		.4byte	0x76
 298 019a 54       		.byte	0x54
 299 019b 07       		.uleb128 0x7
 300 019c 8E000000 		.4byte	.LASF32
 301 01a0 04       		.byte	0x4
 302 01a1 7F       		.byte	0x7f
 303 01a2 76000000 		.4byte	0x76
 304 01a6 58       		.byte	0x58
 305 01a7 07       		.uleb128 0x7
 306 01a8 D9020000 		.4byte	.LASF33
 307 01ac 04       		.byte	0x4
 308 01ad 80       		.byte	0x80
 309 01ae 76000000 		.4byte	0x76
 310 01b2 5C       		.byte	0x5c
 311 01b3 07       		.uleb128 0x7
 312 01b4 C3000000 		.4byte	.LASF34
 313 01b8 04       		.byte	0x4
 314 01b9 81       		.byte	0x81
 315 01ba 76000000 		.4byte	0x76
 316 01be 60       		.byte	0x60
 317 01bf 07       		.uleb128 0x7
 318 01c0 3A030000 		.4byte	.LASF35
 319 01c4 04       		.byte	0x4
 320 01c5 82       		.byte	0x82
 321 01c6 76000000 		.4byte	0x76
 322 01ca 64       		.byte	0x64
 323 01cb 07       		.uleb128 0x7
 324 01cc FA020000 		.4byte	.LASF36
 325 01d0 04       		.byte	0x4
 326 01d1 83       		.byte	0x83
 327 01d2 76000000 		.4byte	0x76
 328 01d6 68       		.byte	0x68
 329 01d7 07       		.uleb128 0x7
 330 01d8 0A000000 		.4byte	.LASF37
 331 01dc 04       		.byte	0x4
 332 01dd 84       		.byte	0x84
 333 01de 76000000 		.4byte	0x76
 334 01e2 6C       		.byte	0x6c
 335 01e3 07       		.uleb128 0x7
 336 01e4 3D000000 		.4byte	.LASF38
 337 01e8 04       		.byte	0x4
 338 01e9 85       		.byte	0x85
 339 01ea 76000000 		.4byte	0x76
 340 01ee 70       		.byte	0x70
 341 01ef 06       		.uleb128 0x6
 342 01f0 43535200 		.ascii	"CSR\000"
 343 01f4 04       		.byte	0x4
 344 01f5 86       		.byte	0x86
 345 01f6 76000000 		.4byte	0x76
 346 01fa 74       		.byte	0x74
 347 01fb 07       		.uleb128 0x7
 348 01fc 4B000000 		.4byte	.LASF39
 349 0200 04       		.byte	0x4
 350 0201 87       		.byte	0x87
 351 0202 76000000 		.4byte	0x76
 352 0206 78       		.byte	0x78
 353 0207 07       		.uleb128 0x7
 354 0208 0D010000 		.4byte	.LASF40
 355 020c 04       		.byte	0x4
 356 020d 88       		.byte	0x88
 357 020e 76000000 		.4byte	0x76
 358 0212 7C       		.byte	0x7c
 359 0213 07       		.uleb128 0x7
 360 0214 70000000 		.4byte	.LASF41
 361 0218 04       		.byte	0x4
 362 0219 89       		.byte	0x89
 363 021a 76000000 		.4byte	0x76
 364 021e 80       		.byte	0x80
 365 021f 07       		.uleb128 0x7
 366 0220 5A000000 		.4byte	.LASF42
 367 0224 04       		.byte	0x4
 368 0225 8A       		.byte	0x8a
 369 0226 76000000 		.4byte	0x76
 370 022a 84       		.byte	0x84
 371 022b 07       		.uleb128 0x7
 372 022c 2A030000 		.4byte	.LASF43
 373 0230 04       		.byte	0x4
 374 0231 8B       		.byte	0x8b
 375 0232 76000000 		.4byte	0x76
 376 0236 88       		.byte	0x88
 377 0237 07       		.uleb128 0x7
 378 0238 05010000 		.4byte	.LASF44
 379 023c 04       		.byte	0x4
 380 023d 8C       		.byte	0x8c
 381 023e 76000000 		.4byte	0x76
 382 0242 8C       		.byte	0x8c
 383 0243 07       		.uleb128 0x7
 384 0244 42000000 		.4byte	.LASF45
 385 0248 04       		.byte	0x4
 386 0249 8D       		.byte	0x8d
 387 024a 76000000 		.4byte	0x76
 388 024e 90       		.byte	0x90
 389 024f 07       		.uleb128 0x7
 390 0250 4C010000 		.4byte	.LASF46
 391 0254 04       		.byte	0x4
 392 0255 8E       		.byte	0x8e
 393 0256 76000000 		.4byte	0x76
 394 025a 94       		.byte	0x94
 395 025b 00       		.byte	0
 396 025c 05       		.uleb128 0x5
 397 025d 76000000 		.4byte	.LASF48
 398 0261 28       		.byte	0x28
 399 0262 04       		.byte	0x4
 400 0263 92       		.byte	0x92
 401 0264 E1020000 		.4byte	0x2e1
 402 0268 07       		.uleb128 0x7
 403 0269 55010000 		.4byte	.LASF49
 404 026d 04       		.byte	0x4
 405 026e 93       		.byte	0x93
 406 026f 76000000 		.4byte	0x76
 407 0273 00       		.byte	0
 408 0274 07       		.uleb128 0x7
 409 0275 FE000000 		.4byte	.LASF50
 410 0279 04       		.byte	0x4
 411 027a 94       		.byte	0x94
 412 027b 76000000 		.4byte	0x76
 413 027f 04       		.byte	0x4
 414 0280 07       		.uleb128 0x7
 415 0281 BF020000 		.4byte	.LASF51
 416 0285 04       		.byte	0x4
 417 0286 95       		.byte	0x95
 418 0287 76000000 		.4byte	0x76
 419 028b 08       		.byte	0x8
 420 028c 07       		.uleb128 0x7
 421 028d 38010000 		.4byte	.LASF52
 422 0291 04       		.byte	0x4
 423 0292 96       		.byte	0x96
 424 0293 76000000 		.4byte	0x76
 425 0297 0C       		.byte	0xc
 426 0298 06       		.uleb128 0x6
 427 0299 49445200 		.ascii	"IDR\000"
 428 029d 04       		.byte	0x4
 429 029e 97       		.byte	0x97
 430 029f 76000000 		.4byte	0x76
 431 02a3 10       		.byte	0x10
 432 02a4 06       		.uleb128 0x6
 433 02a5 4F445200 		.ascii	"ODR\000"
 434 02a9 04       		.byte	0x4
 435 02aa 98       		.byte	0x98
 436 02ab 76000000 		.4byte	0x76
 437 02af 14       		.byte	0x14
 438 02b0 07       		.uleb128 0x7
 439 02b1 47010000 		.4byte	.LASF53
 440 02b5 04       		.byte	0x4
 441 02b6 99       		.byte	0x99
 442 02b7 76000000 		.4byte	0x76
 443 02bb 18       		.byte	0x18
 444 02bc 07       		.uleb128 0x7
 445 02bd 35030000 		.4byte	.LASF54
 446 02c1 04       		.byte	0x4
 447 02c2 9A       		.byte	0x9a
 448 02c3 76000000 		.4byte	0x76
 449 02c7 1C       		.byte	0x1c
 450 02c8 07       		.uleb128 0x7
 451 02c9 7B020000 		.4byte	.LASF55
 452 02cd 04       		.byte	0x4
 453 02ce 9B       		.byte	0x9b
 454 02cf 76000000 		.4byte	0x76
 455 02d3 20       		.byte	0x20
 456 02d4 07       		.uleb128 0x7
 457 02d5 6E020000 		.4byte	.LASF56
 458 02d9 04       		.byte	0x4
 459 02da 9C       		.byte	0x9c
 460 02db 76000000 		.4byte	0x76
 461 02df 24       		.byte	0x24
 462 02e0 00       		.byte	0
 463 02e1 08       		.uleb128 0x8
 464 02e2 85000000 		.4byte	.LASF61
 465 02e6 01       		.byte	0x1
 466 02e7 05       		.byte	0x5
 467 02e8 00000000 		.4byte	.LFB392
 468 02ec 30000000 		.4byte	.LFE392-.LFB392
 469 02f0 01       		.uleb128 0x1
 470 02f1 9C       		.byte	0x9c
 471 02f2 09       		.uleb128 0x9
 472 02f3 B3020000 		.4byte	.LASF62
 473 02f7 01       		.byte	0x1
 474 02f8 0E       		.byte	0xe
 475 02f9 30000000 		.4byte	.LFB393
 476 02fd 18000000 		.4byte	.LFE393-.LFB393
 477 0301 01       		.uleb128 0x1
 478 0302 9C       		.byte	0x9c
 479 0303 17030000 		.4byte	0x317
 480 0307 0A       		.uleb128 0xa
 481 0308 80020000 		.4byte	.LASF63
 482 030c 01       		.byte	0x1
 483 030d 0E       		.byte	0xe
 484 030e 76000000 		.4byte	0x76
 485 0312 00000000 		.4byte	.LLST0
 486 0316 00       		.byte	0
 487 0317 0B       		.uleb128 0xb
 488 0318 52434300 		.ascii	"RCC\000"
 489 031c 04       		.byte	0x4
 490 031d 3D02     		.2byte	0x23d
 491 031f 23030000 		.4byte	0x323
 492 0323 0C       		.uleb128 0xc
 493 0324 88000000 		.4byte	0x88
 494 0328 0D       		.uleb128 0xd
 495 0329 24010000 		.4byte	.LASF57
 496 032d 04       		.byte	0x4
 497 032e 4602     		.2byte	0x246
 498 0330 34030000 		.4byte	0x334
 499 0334 0C       		.uleb128 0xc
 500 0335 5C020000 		.4byte	0x25c
 501 0339 00       		.byte	0
 502              		.section	.debug_abbrev,"",%progbits
 503              	.Ldebug_abbrev0:
 504 0000 01       		.uleb128 0x1
 505 0001 11       		.uleb128 0x11
 506 0002 01       		.byte	0x1
 507 0003 25       		.uleb128 0x25
 508 0004 0E       		.uleb128 0xe
 509 0005 13       		.uleb128 0x13
 510 0006 0B       		.uleb128 0xb
 511 0007 03       		.uleb128 0x3
 512 0008 0E       		.uleb128 0xe
 513 0009 1B       		.uleb128 0x1b
 514 000a 0E       		.uleb128 0xe
 515 000b 11       		.uleb128 0x11
 516 000c 01       		.uleb128 0x1
 517 000d 12       		.uleb128 0x12
 518 000e 06       		.uleb128 0x6
 519 000f 10       		.uleb128 0x10
 520 0010 17       		.uleb128 0x17
 521 0011 00       		.byte	0
 522 0012 00       		.byte	0
 523 0013 02       		.uleb128 0x2
 524 0014 24       		.uleb128 0x24
 525 0015 00       		.byte	0
 526 0016 0B       		.uleb128 0xb
 527 0017 0B       		.uleb128 0xb
 528 0018 3E       		.uleb128 0x3e
 529 0019 0B       		.uleb128 0xb
 530 001a 03       		.uleb128 0x3
 531 001b 0E       		.uleb128 0xe
 532 001c 00       		.byte	0
 533 001d 00       		.byte	0
 534 001e 03       		.uleb128 0x3
 535 001f 16       		.uleb128 0x16
 536 0020 00       		.byte	0
 537 0021 03       		.uleb128 0x3
 538 0022 0E       		.uleb128 0xe
 539 0023 3A       		.uleb128 0x3a
 540 0024 0B       		.uleb128 0xb
 541 0025 3B       		.uleb128 0x3b
 542 0026 0B       		.uleb128 0xb
 543 0027 49       		.uleb128 0x49
 544 0028 13       		.uleb128 0x13
 545 0029 00       		.byte	0
 546 002a 00       		.byte	0
 547 002b 04       		.uleb128 0x4
 548 002c 24       		.uleb128 0x24
 549 002d 00       		.byte	0
 550 002e 0B       		.uleb128 0xb
 551 002f 0B       		.uleb128 0xb
 552 0030 3E       		.uleb128 0x3e
 553 0031 0B       		.uleb128 0xb
 554 0032 03       		.uleb128 0x3
 555 0033 08       		.uleb128 0x8
 556 0034 00       		.byte	0
 557 0035 00       		.byte	0
 558 0036 05       		.uleb128 0x5
 559 0037 13       		.uleb128 0x13
 560 0038 01       		.byte	0x1
 561 0039 03       		.uleb128 0x3
 562 003a 0E       		.uleb128 0xe
 563 003b 0B       		.uleb128 0xb
 564 003c 0B       		.uleb128 0xb
 565 003d 3A       		.uleb128 0x3a
 566 003e 0B       		.uleb128 0xb
 567 003f 3B       		.uleb128 0x3b
 568 0040 0B       		.uleb128 0xb
 569 0041 01       		.uleb128 0x1
 570 0042 13       		.uleb128 0x13
 571 0043 00       		.byte	0
 572 0044 00       		.byte	0
 573 0045 06       		.uleb128 0x6
 574 0046 0D       		.uleb128 0xd
 575 0047 00       		.byte	0
 576 0048 03       		.uleb128 0x3
 577 0049 08       		.uleb128 0x8
 578 004a 3A       		.uleb128 0x3a
 579 004b 0B       		.uleb128 0xb
 580 004c 3B       		.uleb128 0x3b
 581 004d 0B       		.uleb128 0xb
 582 004e 49       		.uleb128 0x49
 583 004f 13       		.uleb128 0x13
 584 0050 38       		.uleb128 0x38
 585 0051 0B       		.uleb128 0xb
 586 0052 00       		.byte	0
 587 0053 00       		.byte	0
 588 0054 07       		.uleb128 0x7
 589 0055 0D       		.uleb128 0xd
 590 0056 00       		.byte	0
 591 0057 03       		.uleb128 0x3
 592 0058 0E       		.uleb128 0xe
 593 0059 3A       		.uleb128 0x3a
 594 005a 0B       		.uleb128 0xb
 595 005b 3B       		.uleb128 0x3b
 596 005c 0B       		.uleb128 0xb
 597 005d 49       		.uleb128 0x49
 598 005e 13       		.uleb128 0x13
 599 005f 38       		.uleb128 0x38
 600 0060 0B       		.uleb128 0xb
 601 0061 00       		.byte	0
 602 0062 00       		.byte	0
 603 0063 08       		.uleb128 0x8
 604 0064 2E       		.uleb128 0x2e
 605 0065 00       		.byte	0
 606 0066 3F       		.uleb128 0x3f
 607 0067 19       		.uleb128 0x19
 608 0068 03       		.uleb128 0x3
 609 0069 0E       		.uleb128 0xe
 610 006a 3A       		.uleb128 0x3a
 611 006b 0B       		.uleb128 0xb
 612 006c 3B       		.uleb128 0x3b
 613 006d 0B       		.uleb128 0xb
 614 006e 11       		.uleb128 0x11
 615 006f 01       		.uleb128 0x1
 616 0070 12       		.uleb128 0x12
 617 0071 06       		.uleb128 0x6
 618 0072 40       		.uleb128 0x40
 619 0073 18       		.uleb128 0x18
 620 0074 9742     		.uleb128 0x2117
 621 0076 19       		.uleb128 0x19
 622 0077 00       		.byte	0
 623 0078 00       		.byte	0
 624 0079 09       		.uleb128 0x9
 625 007a 2E       		.uleb128 0x2e
 626 007b 01       		.byte	0x1
 627 007c 3F       		.uleb128 0x3f
 628 007d 19       		.uleb128 0x19
 629 007e 03       		.uleb128 0x3
 630 007f 0E       		.uleb128 0xe
 631 0080 3A       		.uleb128 0x3a
 632 0081 0B       		.uleb128 0xb
 633 0082 3B       		.uleb128 0x3b
 634 0083 0B       		.uleb128 0xb
 635 0084 27       		.uleb128 0x27
 636 0085 19       		.uleb128 0x19
 637 0086 11       		.uleb128 0x11
 638 0087 01       		.uleb128 0x1
 639 0088 12       		.uleb128 0x12
 640 0089 06       		.uleb128 0x6
 641 008a 40       		.uleb128 0x40
 642 008b 18       		.uleb128 0x18
 643 008c 9742     		.uleb128 0x2117
 644 008e 19       		.uleb128 0x19
 645 008f 01       		.uleb128 0x1
 646 0090 13       		.uleb128 0x13
 647 0091 00       		.byte	0
 648 0092 00       		.byte	0
 649 0093 0A       		.uleb128 0xa
 650 0094 05       		.uleb128 0x5
 651 0095 00       		.byte	0
 652 0096 03       		.uleb128 0x3
 653 0097 0E       		.uleb128 0xe
 654 0098 3A       		.uleb128 0x3a
 655 0099 0B       		.uleb128 0xb
 656 009a 3B       		.uleb128 0x3b
 657 009b 0B       		.uleb128 0xb
 658 009c 49       		.uleb128 0x49
 659 009d 13       		.uleb128 0x13
 660 009e 02       		.uleb128 0x2
 661 009f 17       		.uleb128 0x17
 662 00a0 00       		.byte	0
 663 00a1 00       		.byte	0
 664 00a2 0B       		.uleb128 0xb
 665 00a3 34       		.uleb128 0x34
 666 00a4 00       		.byte	0
 667 00a5 03       		.uleb128 0x3
 668 00a6 08       		.uleb128 0x8
 669 00a7 3A       		.uleb128 0x3a
 670 00a8 0B       		.uleb128 0xb
 671 00a9 3B       		.uleb128 0x3b
 672 00aa 05       		.uleb128 0x5
 673 00ab 49       		.uleb128 0x49
 674 00ac 13       		.uleb128 0x13
 675 00ad 3F       		.uleb128 0x3f
 676 00ae 19       		.uleb128 0x19
 677 00af 3C       		.uleb128 0x3c
 678 00b0 19       		.uleb128 0x19
 679 00b1 00       		.byte	0
 680 00b2 00       		.byte	0
 681 00b3 0C       		.uleb128 0xc
 682 00b4 35       		.uleb128 0x35
 683 00b5 00       		.byte	0
 684 00b6 49       		.uleb128 0x49
 685 00b7 13       		.uleb128 0x13
 686 00b8 00       		.byte	0
 687 00b9 00       		.byte	0
 688 00ba 0D       		.uleb128 0xd
 689 00bb 34       		.uleb128 0x34
 690 00bc 00       		.byte	0
 691 00bd 03       		.uleb128 0x3
 692 00be 0E       		.uleb128 0xe
 693 00bf 3A       		.uleb128 0x3a
 694 00c0 0B       		.uleb128 0xb
 695 00c1 3B       		.uleb128 0x3b
 696 00c2 05       		.uleb128 0x5
 697 00c3 49       		.uleb128 0x49
 698 00c4 13       		.uleb128 0x13
 699 00c5 3F       		.uleb128 0x3f
 700 00c6 19       		.uleb128 0x19
 701 00c7 3C       		.uleb128 0x3c
 702 00c8 19       		.uleb128 0x19
 703 00c9 00       		.byte	0
 704 00ca 00       		.byte	0
 705 00cb 00       		.byte	0
 706              		.section	.debug_loc,"",%progbits
 707              	.Ldebug_loc0:
 708              	.LLST0:
 709 0000 30000000 		.4byte	.LVL0-.Ltext0
 710 0004 36000000 		.4byte	.LVL1-.Ltext0
 711 0008 0100     		.2byte	0x1
 712 000a 50       		.byte	0x50
 713 000b 36000000 		.4byte	.LVL1-.Ltext0
 714 000f 48000000 		.4byte	.LFE393-.Ltext0
 715 0013 0300     		.2byte	0x3
 716 0015 70       		.byte	0x70
 717 0016 78       		.sleb128 -8
 718 0017 9F       		.byte	0x9f
 719 0018 00000000 		.4byte	0
 720 001c 00000000 		.4byte	0
 721              		.section	.debug_aranges,"",%progbits
 722 0000 1C000000 		.4byte	0x1c
 723 0004 0200     		.2byte	0x2
 724 0006 00000000 		.4byte	.Ldebug_info0
 725 000a 04       		.byte	0x4
 726 000b 00       		.byte	0
 727 000c 0000     		.2byte	0
 728 000e 0000     		.2byte	0
 729 0010 00000000 		.4byte	.Ltext0
 730 0014 48000000 		.4byte	.Letext0-.Ltext0
 731 0018 00000000 		.4byte	0
 732 001c 00000000 		.4byte	0
 733              		.section	.debug_line,"",%progbits
 734              	.Ldebug_line0:
 735 0000 A2000000 		.section	.debug_str,"MS",%progbits,1
 735      02008A00 
 735      00000201 
 735      FB0E0D00 
 735      01010101 
 736              	.LASF30:
 737 0000 41484231 		.ascii	"AHB1LPENR\000"
 737      4C50454E 
 737      5200
 738              	.LASF37:
 739 000a 5F726573 		.ascii	"_reserved_0x6c\000"
 739      65727665 
 739      645F3078 
 739      366300
 740              	.LASF18:
 741 0019 41504231 		.ascii	"APB1RSTR\000"
 741      52535452 
 741      00
 742              	.LASF23:
 743 0022 41484232 		.ascii	"AHB2ENR\000"
 743      454E5200 
 744              	.LASF2:
 745 002a 73686F72 		.ascii	"short int\000"
 745      7420696E 
 745      7400
 746              	.LASF11:
 747 0034 73697A65 		.ascii	"sizetype\000"
 747      74797065 
 747      00
 748              	.LASF38:
 749 003d 42444352 		.ascii	"BDCR\000"
 749      00
 750              	.LASF45:
 751 0042 434B4741 		.ascii	"CKGATENR\000"
 751      54454E52 
 751      00
 752              	.LASF39:
 753 004b 5F726573 		.ascii	"_reserved_0x78\000"
 753      65727665 
 753      645F3078 
 753      373800
 754              	.LASF42:
 755 005a 504C4C49 		.ascii	"PLLI2SCFGR\000"
 755      32534346 
 755      475200
 756              	.LASF9:
 757 0065 5F5F7569 		.ascii	"__uint32_t\000"
 757      6E743332 
 757      5F7400
 758              	.LASF41:
 759 0070 53534347 		.ascii	"SSCGR\000"
 759      5200
 760              	.LASF48:
 761 0076 4750494F 		.ascii	"GPIO_registers\000"
 761      5F726567 
 761      69737465 
 761      727300
 762              	.LASF61:
 763 0085 6C65645F 		.ascii	"led_init\000"
 763      696E6974 
 763      00
 764              	.LASF32:
 765 008e 41484233 		.ascii	"AHB3LPENR\000"
 765      4C50454E 
 765      5200
 766              	.LASF13:
 767 0098 43464752 		.ascii	"CFGR\000"
 767      00
 768              	.LASF25:
 769 009d 5F726573 		.ascii	"_reserved_0x3c\000"
 769      65727665 
 769      645F3078 
 769      336300
 770              	.LASF28:
 771 00ac 5F726573 		.ascii	"_reserved_0x48\000"
 771      65727665 
 771      645F3078 
 771      343800
 772              	.LASF26:
 773 00bb 41504231 		.ascii	"APB1ENR\000"
 773      454E5200 
 774              	.LASF34:
 775 00c3 41504231 		.ascii	"APB1LPENR\000"
 775      4C50454E 
 775      5200
 776              	.LASF60:
 777 00cd 2F686F6D 		.ascii	"/home/tom/COURS/S6/Projet_boiteMusique/c_project\000"
 777      652F746F 
 777      6D2F434F 
 777      5552532F 
 777      53362F50 
 778              	.LASF50:
 779 00fe 4F545950 		.ascii	"OTYPER\000"
 779      455200
 780              	.LASF44:
 781 0105 44434B43 		.ascii	"DCKCFGR\000"
 781      46475200 
 782              	.LASF40:
 783 010d 5F726573 		.ascii	"_reserved_0x7c\000"
 783      65727665 
 783      645F3078 
 783      376300
 784              	.LASF24:
 785 011c 41484233 		.ascii	"AHB3ENR\000"
 785      454E5200 
 786              	.LASF57:
 787 0124 4750494F 		.ascii	"GPIOA\000"
 787      4100
 788              	.LASF6:
 789 012a 6C6F6E67 		.ascii	"long long int\000"
 789      206C6F6E 
 789      6720696E 
 789      7400
 790              	.LASF52:
 791 0138 50555044 		.ascii	"PUPDR\000"
 791      5200
 792              	.LASF4:
 793 013e 6C6F6E67 		.ascii	"long int\000"
 793      20696E74 
 793      00
 794              	.LASF53:
 795 0147 42535252 		.ascii	"BSRR\000"
 795      00
 796              	.LASF46:
 797 014c 44434B43 		.ascii	"DCKCFGR2\000"
 797      46475232 
 797      00
 798              	.LASF49:
 799 0155 4D4F4445 		.ascii	"MODER\000"
 799      5200
 800              	.LASF19:
 801 015b 41504232 		.ascii	"APB2RSTR\000"
 801      52535452 
 801      00
 802              	.LASF58:
 803 0164 474E5520 		.ascii	"GNU C 4.9.3 20150529 (prerelease) -mtune=cortex-m4 "
 803      4320342E 
 803      392E3320 
 803      32303135 
 803      30353239 
 804 0197 2D6D7468 		.ascii	"-mthumb -march=armv7e-m -mfloat-abi=hard -mfpu=fpv4"
 804      756D6220 
 804      2D6D6172 
 804      63683D61 
 804      726D7637 
 805 01ca 2D73702D 		.ascii	"-sp-d16 -g -O0 -Os -fsingle-precision-constant\000"
 805      64313620 
 805      2D67202D 
 805      4F30202D 
 805      4F73202D 
 806              	.LASF1:
 807 01f9 756E7369 		.ascii	"unsigned char\000"
 807      676E6564 
 807      20636861 
 807      7200
 808              	.LASF29:
 809 0207 5F726573 		.ascii	"_reserved_0x4c\000"
 809      65727665 
 809      645F3078 
 809      346300
 810              	.LASF27:
 811 0216 41504232 		.ascii	"APB2ENR\000"
 811      454E5200 
 812              	.LASF0:
 813 021e 7369676E 		.ascii	"signed char\000"
 813      65642063 
 813      68617200 
 814              	.LASF7:
 815 022a 6C6F6E67 		.ascii	"long long unsigned int\000"
 815      206C6F6E 
 815      6720756E 
 815      7369676E 
 815      65642069 
 816              	.LASF10:
 817 0241 75696E74 		.ascii	"uint32_t\000"
 817      33325F74 
 817      00
 818              	.LASF8:
 819 024a 756E7369 		.ascii	"unsigned int\000"
 819      676E6564 
 819      20696E74 
 819      00
 820              	.LASF15:
 821 0257 41484232 		.ascii	"AHB2RSTR\000"
 821      52535452 
 821      00
 822              	.LASF47:
 823 0260 5243435F 		.ascii	"RCC_registers\000"
 823      72656769 
 823      73746572 
 823      7300
 824              	.LASF56:
 825 026e 41465248 		.ascii	"AFRH\000"
 825      00
 826              	.LASF12:
 827 0273 504C4C43 		.ascii	"PLLCFGR\000"
 827      46475200 
 828              	.LASF55:
 829 027b 4146524C 		.ascii	"AFRL\000"
 829      00
 830              	.LASF63:
 831 0280 73746174 		.ascii	"status\000"
 831      757300
 832              	.LASF3:
 833 0287 73686F72 		.ascii	"short unsigned int\000"
 833      7420756E 
 833      7369676E 
 833      65642069 
 833      6E7400
 834              	.LASF17:
 835 029a 5F726573 		.ascii	"_reserved_0x1c\000"
 835      65727665 
 835      645F3078 
 835      316300
 836              	.LASF31:
 837 02a9 41484232 		.ascii	"AHB2LPENR\000"
 837      4C50454E 
 837      5200
 838              	.LASF62:
 839 02b3 6C65645F 		.ascii	"led_tri_set\000"
 839      7472695F 
 839      73657400 
 840              	.LASF51:
 841 02bf 4F535045 		.ascii	"OSPEEDR\000"
 841      45445200 
 842              	.LASF5:
 843 02c7 6C6F6E67 		.ascii	"long unsigned int\000"
 843      20756E73 
 843      69676E65 
 843      6420696E 
 843      7400
 844              	.LASF33:
 845 02d9 5F726573 		.ascii	"_reserved_0x5c\000"
 845      65727665 
 845      645F3078 
 845      356300
 846              	.LASF22:
 847 02e8 41484231 		.ascii	"AHB1ENR\000"
 847      454E5200 
 848              	.LASF59:
 849 02f0 7372632F 		.ascii	"src/led.c\000"
 849      6C65642E 
 849      6300
 850              	.LASF36:
 851 02fa 5F726573 		.ascii	"_reserved_0x68\000"
 851      65727665 
 851      645F3078 
 851      363800
 852              	.LASF14:
 853 0309 41484231 		.ascii	"AHB1RSTR\000"
 853      52535452 
 853      00
 854              	.LASF20:
 855 0312 5F726573 		.ascii	"_reserved_0x28\000"
 855      65727665 
 855      645F3078 
 855      323800
 856              	.LASF16:
 857 0321 41484233 		.ascii	"AHB3RSTR\000"
 857      52535452 
 857      00
 858              	.LASF43:
 859 032a 504C4C53 		.ascii	"PLLSAICFGR\000"
 859      41494346 
 859      475200
 860              	.LASF54:
 861 0335 4C434B52 		.ascii	"LCKR\000"
 861      00
 862              	.LASF35:
 863 033a 41504232 		.ascii	"APB2LPENR\000"
 863      4C50454E 
 863      5200
 864              	.LASF21:
 865 0344 5F726573 		.ascii	"_reserved_0x2c\000"
 865      65727665 
 865      645F3078 
 865      326300
 866              		.ident	"GCC: (15:4.9.3+svn231177-1) 4.9.3 20150529 (prerelease)"
DEFINED SYMBOLS
                            *ABS*:0000000000000000 led.c
     /tmp/cc54gTTH.s:20     .text:0000000000000000 $t
     /tmp/cc54gTTH.s:25     .text:0000000000000000 led_init
     /tmp/cc54gTTH.s:54     .text:000000000000002c $d
     /tmp/cc54gTTH.s:58     .text:0000000000000030 $t
     /tmp/cc54gTTH.s:63     .text:0000000000000030 led_tri_set
     /tmp/cc54gTTH.s:85     .text:0000000000000044 $d
                     .debug_frame:0000000000000010 $d

UNDEFINED SYMBOLS
GPIOA
