   1              		.syntax unified
   2              		.arch armv7e-m
   3              		.eabi_attribute 27, 1
   4              		.eabi_attribute 28, 1
   5              		.fpu fpv4-sp-d16
   6              		.eabi_attribute 20, 1
   7              		.eabi_attribute 21, 1
   8              		.eabi_attribute 23, 3
   9              		.eabi_attribute 24, 1
  10              		.eabi_attribute 25, 1
  11              		.eabi_attribute 26, 1
  12              		.eabi_attribute 30, 4
  13              		.eabi_attribute 34, 1
  14              		.eabi_attribute 18, 4
  15              		.thumb
  16              		.file	"notes.c"
  17              		.text
  18              	.Ltext0:
  19              		.cfi_sections	.debug_frame
  20              	.Letext0:
  21              		.section	.debug_line,"",%progbits
  22              	.Ldebug_line0:
  23              		.section	.debug_str,"MS",%progbits,1
  24              	.LASF0:
  25 0000 2F686F6D 		.ascii	"/home/tom/COURS/S6/Projet_boiteMusique/c_project\000"
  25      652F746F 
  25      6D2F434F 
  25      5552532F 
  25      53362F50 
  26              	.LASF1:
  27 0031 7372632F 		.ascii	"src/notes.c\000"
  27      6E6F7465 
  27      732E6300 
  28              	.LASF2:
  29 003d 474E5520 		.ascii	"GNU C 4.9.3 20150529 (prerelease) -mtune=cortex-m4 "
  29      4320342E 
  29      392E3320 
  29      32303135 
  29      30353239 
  30 0070 2D6D7468 		.ascii	"-mthumb -march=armv7e-m -mfloat-abi=hard -mfpu=fpv4"
  30      756D6220 
  30      2D6D6172 
  30      63683D61 
  30      726D7637 
  31 00a3 2D73702D 		.ascii	"-sp-d16 -g -O0 -Os -fsingle-precision-constant\000"
  31      64313620 
  31      2D67202D 
  31      4F30202D 
  31      4F73202D 
  32              		.ident	"GCC: (15:4.9.3+svn231177-1) 4.9.3 20150529 (prerelease)"
DEFINED SYMBOLS
                            *ABS*:0000000000000000 notes.c

NO UNDEFINED SYMBOLS
