   1              		.syntax unified
   2              		.arch armv7e-m
   3              		.eabi_attribute 27, 1
   4              		.eabi_attribute 28, 1
   5              		.fpu fpv4-sp-d16
   6              		.eabi_attribute 20, 1
   7              		.eabi_attribute 21, 1
   8              		.eabi_attribute 23, 3
   9              		.eabi_attribute 24, 1
  10              		.eabi_attribute 25, 1
  11              		.eabi_attribute 26, 1
  12              		.eabi_attribute 30, 4
  13              		.eabi_attribute 34, 1
  14              		.eabi_attribute 18, 4
  15              		.thumb
  16              		.file	"systick.c"
  17              		.text
  18              	.Ltext0:
  19              		.cfi_sections	.debug_frame
  20              		.align	1
  21              		.global	SysTick_init
  22              		.thumb
  23              		.thumb_func
  24              		.type	SysTick_init, %function
  25              	SysTick_init:
  26              	.LFB392:
  27              		.file 1 "src/systick.c"
   1:src/systick.c **** #include "sys/devices.h"
   2:src/systick.c **** #include "sys/clock.h"
   3:src/systick.c **** 
   4:src/systick.c **** void SysTick_init(uint32_t freq) {
  28              		.loc 1 4 0
  29              		.cfi_startproc
  30              		@ args = 0, pretend = 0, frame = 0
  31              		@ frame_needed = 0, uses_anonymous_args = 0
  32              	.LVL0:
  33 0000 10B5     		push	{r4, lr}
  34              		.cfi_def_cfa_offset 8
  35              		.cfi_offset 4, -8
  36              		.cfi_offset 14, -4
  37              		.loc 1 4 0
  38 0002 0446     		mov	r4, r0
   5:src/systick.c ****   uint32_t period=get_SYSCLK()/freq;
  39              		.loc 1 5 0
  40 0004 FFF7FEFF 		bl	get_SYSCLK
  41              	.LVL1:
   6:src/systick.c ****   SysTick.LOAD=((period-1)&0x00ffffff);
  42              		.loc 1 6 0
  43 0008 064B     		ldr	r3, .L2
   5:src/systick.c ****   uint32_t period=get_SYSCLK()/freq;
  44              		.loc 1 5 0
  45 000a B0FBF4F0 		udiv	r0, r0, r4
  46              	.LVL2:
  47              		.loc 1 6 0
  48 000e 0138     		subs	r0, r0, #1
  49              	.LVL3:
   7:src/systick.c ****   SysTick.VAL=0;
  50              		.loc 1 7 0
  51 0010 0022     		movs	r2, #0
   6:src/systick.c ****   SysTick.LOAD=((period-1)&0x00ffffff);
  52              		.loc 1 6 0
  53 0012 20F07F40 		bic	r0, r0, #-16777216
  54              	.LVL4:
  55 0016 5860     		str	r0, [r3, #4]
  56              		.loc 1 7 0
  57 0018 9A60     		str	r2, [r3, #8]
   8:src/systick.c ****   SysTick.CTRL|=0x7;
  58              		.loc 1 8 0
  59 001a 1A68     		ldr	r2, [r3]
  60 001c 42F00702 		orr	r2, r2, #7
  61 0020 1A60     		str	r2, [r3]
  62 0022 10BD     		pop	{r4, pc}
  63              	.LVL5:
  64              	.L3:
  65              		.align	2
  66              	.L2:
  67 0024 00000000 		.word	SysTick
  68              		.cfi_endproc
  69              	.LFE392:
  70              		.size	SysTick_init, .-SysTick_init
  71              		.align	1
  72              		.global	SysTick_deinit
  73              		.thumb
  74              		.thumb_func
  75              		.type	SysTick_deinit, %function
  76              	SysTick_deinit:
  77              	.LFB393:
   9:src/systick.c **** }
  10:src/systick.c **** 
  11:src/systick.c **** void SysTick_deinit() {
  78              		.loc 1 11 0
  79              		.cfi_startproc
  80              		@ args = 0, pretend = 0, frame = 0
  81              		@ frame_needed = 0, uses_anonymous_args = 0
  82              		@ link register save eliminated.
  12:src/systick.c ****   SysTick.CTRL &= ~0x7;
  83              		.loc 1 12 0
  84 0028 024A     		ldr	r2, .L5
  85 002a 1368     		ldr	r3, [r2]
  86 002c 23F00703 		bic	r3, r3, #7
  87 0030 1360     		str	r3, [r2]
  88 0032 7047     		bx	lr
  89              	.L6:
  90              		.align	2
  91              	.L5:
  92 0034 00000000 		.word	SysTick
  93              		.cfi_endproc
  94              	.LFE393:
  95              		.size	SysTick_deinit, .-SysTick_deinit
  96              	.Letext0:
  97              		.file 2 "/usr/include/newlib/machine/_default_types.h"
  98              		.file 3 "/usr/include/newlib/sys/_stdint.h"
  99              		.file 4 "src/sys/devices.h"
 100              		.file 5 "src/sys/clock.h"
 101              		.section	.debug_info,"",%progbits
 102              	.Ldebug_info0:
 103 0000 13030000 		.4byte	0x313
 104 0004 0400     		.2byte	0x4
 105 0006 00000000 		.4byte	.Ldebug_abbrev0
 106 000a 04       		.byte	0x4
 107 000b 01       		.uleb128 0x1
 108 000c 63010000 		.4byte	.LASF53
 109 0010 01       		.byte	0x1
 110 0011 0A000000 		.4byte	.LASF54
 111 0015 D0000000 		.4byte	.LASF55
 112 0019 00000000 		.4byte	.Ltext0
 113 001d 38000000 		.4byte	.Letext0-.Ltext0
 114 0021 00000000 		.4byte	.Ldebug_line0
 115 0025 02       		.uleb128 0x2
 116 0026 04       		.byte	0x4
 117 0027 07       		.byte	0x7
 118 0028 49020000 		.4byte	.LASF0
 119 002c 02       		.uleb128 0x2
 120 002d 01       		.byte	0x1
 121 002e 06       		.byte	0x6
 122 002f 1D020000 		.4byte	.LASF1
 123 0033 02       		.uleb128 0x2
 124 0034 01       		.byte	0x1
 125 0035 08       		.byte	0x8
 126 0036 F8010000 		.4byte	.LASF2
 127 003a 02       		.uleb128 0x2
 128 003b 02       		.byte	0x2
 129 003c 05       		.byte	0x5
 130 003d 40000000 		.4byte	.LASF3
 131 0041 02       		.uleb128 0x2
 132 0042 02       		.byte	0x2
 133 0043 07       		.byte	0x7
 134 0044 95020000 		.4byte	.LASF4
 135 0048 02       		.uleb128 0x2
 136 0049 04       		.byte	0x4
 137 004a 05       		.byte	0x5
 138 004b 48010000 		.4byte	.LASF5
 139 004f 03       		.uleb128 0x3
 140 0050 94000000 		.4byte	.LASF9
 141 0054 02       		.byte	0x2
 142 0055 41       		.byte	0x41
 143 0056 5A000000 		.4byte	0x5a
 144 005a 02       		.uleb128 0x2
 145 005b 04       		.byte	0x4
 146 005c 07       		.byte	0x7
 147 005d CE020000 		.4byte	.LASF6
 148 0061 02       		.uleb128 0x2
 149 0062 08       		.byte	0x8
 150 0063 05       		.byte	0x5
 151 0064 25010000 		.4byte	.LASF7
 152 0068 02       		.uleb128 0x2
 153 0069 08       		.byte	0x8
 154 006a 07       		.byte	0x7
 155 006b 29020000 		.4byte	.LASF8
 156 006f 04       		.uleb128 0x4
 157 0070 04       		.byte	0x4
 158 0071 05       		.byte	0x5
 159 0072 696E7400 		.ascii	"int\000"
 160 0076 03       		.uleb128 0x3
 161 0077 40020000 		.4byte	.LASF10
 162 007b 03       		.byte	0x3
 163 007c 20       		.byte	0x20
 164 007d 4F000000 		.4byte	0x4f
 165 0081 02       		.uleb128 0x2
 166 0082 04       		.byte	0x4
 167 0083 07       		.byte	0x7
 168 0084 4A000000 		.4byte	.LASF11
 169 0088 05       		.uleb128 0x5
 170 0089 86000000 		.4byte	.LASF15
 171 008d 10       		.byte	0x10
 172 008e 04       		.byte	0x4
 173 008f 40       		.byte	0x40
 174 0090 C5000000 		.4byte	0xc5
 175 0094 06       		.uleb128 0x6
 176 0095 A5000000 		.4byte	.LASF12
 177 0099 04       		.byte	0x4
 178 009a 41       		.byte	0x41
 179 009b 76000000 		.4byte	0x76
 180 009f 00       		.byte	0
 181 00a0 06       		.uleb128 0x6
 182 00a1 F7020000 		.4byte	.LASF13
 183 00a5 04       		.byte	0x4
 184 00a6 42       		.byte	0x42
 185 00a7 76000000 		.4byte	0x76
 186 00ab 04       		.byte	0x4
 187 00ac 07       		.uleb128 0x7
 188 00ad 56414C00 		.ascii	"VAL\000"
 189 00b1 04       		.byte	0x4
 190 00b2 43       		.byte	0x43
 191 00b3 76000000 		.4byte	0x76
 192 00b7 08       		.byte	0x8
 193 00b8 06       		.uleb128 0x6
 194 00b9 33010000 		.4byte	.LASF14
 195 00bd 04       		.byte	0x4
 196 00be 44       		.byte	0x44
 197 00bf 76000000 		.4byte	0x76
 198 00c3 0C       		.byte	0xc
 199 00c4 00       		.byte	0
 200 00c5 05       		.uleb128 0x5
 201 00c6 66020000 		.4byte	.LASF16
 202 00ca 98       		.byte	0x98
 203 00cb 04       		.byte	0x4
 204 00cc 68       		.byte	0x68
 205 00cd 99020000 		.4byte	0x299
 206 00d1 07       		.uleb128 0x7
 207 00d2 435200   		.ascii	"CR\000"
 208 00d5 04       		.byte	0x4
 209 00d6 69       		.byte	0x69
 210 00d7 76000000 		.4byte	0x76
 211 00db 00       		.byte	0
 212 00dc 06       		.uleb128 0x6
 213 00dd 74020000 		.4byte	.LASF17
 214 00e1 04       		.byte	0x4
 215 00e2 6A       		.byte	0x6a
 216 00e3 76000000 		.4byte	0x76
 217 00e7 04       		.byte	0x4
 218 00e8 06       		.uleb128 0x6
 219 00e9 B4000000 		.4byte	.LASF18
 220 00ed 04       		.byte	0x4
 221 00ee 6B       		.byte	0x6b
 222 00ef 76000000 		.4byte	0x76
 223 00f3 08       		.byte	0x8
 224 00f4 07       		.uleb128 0x7
 225 00f5 43495200 		.ascii	"CIR\000"
 226 00f9 04       		.byte	0x4
 227 00fa 6C       		.byte	0x6c
 228 00fb 76000000 		.4byte	0x76
 229 00ff 0C       		.byte	0xc
 230 0100 06       		.uleb128 0x6
 231 0101 0B030000 		.4byte	.LASF19
 232 0105 04       		.byte	0x4
 233 0106 6D       		.byte	0x6d
 234 0107 76000000 		.4byte	0x76
 235 010b 10       		.byte	0x10
 236 010c 06       		.uleb128 0x6
 237 010d 56020000 		.4byte	.LASF20
 238 0111 04       		.byte	0x4
 239 0112 6E       		.byte	0x6e
 240 0113 76000000 		.4byte	0x76
 241 0117 14       		.byte	0x14
 242 0118 06       		.uleb128 0x6
 243 0119 23030000 		.4byte	.LASF21
 244 011d 04       		.byte	0x4
 245 011e 6F       		.byte	0x6f
 246 011f 76000000 		.4byte	0x76
 247 0123 18       		.byte	0x18
 248 0124 06       		.uleb128 0x6
 249 0125 A8020000 		.4byte	.LASF22
 250 0129 04       		.byte	0x4
 251 012a 70       		.byte	0x70
 252 012b 76000000 		.4byte	0x76
 253 012f 1C       		.byte	0x1c
 254 0130 06       		.uleb128 0x6
 255 0131 2F000000 		.4byte	.LASF23
 256 0135 04       		.byte	0x4
 257 0136 71       		.byte	0x71
 258 0137 76000000 		.4byte	0x76
 259 013b 20       		.byte	0x20
 260 013c 06       		.uleb128 0x6
 261 013d 5A010000 		.4byte	.LASF24
 262 0141 04       		.byte	0x4
 263 0142 72       		.byte	0x72
 264 0143 76000000 		.4byte	0x76
 265 0147 24       		.byte	0x24
 266 0148 06       		.uleb128 0x6
 267 0149 14030000 		.4byte	.LASF25
 268 014d 04       		.byte	0x4
 269 014e 73       		.byte	0x73
 270 014f 76000000 		.4byte	0x76
 271 0153 28       		.byte	0x28
 272 0154 06       		.uleb128 0x6
 273 0155 41030000 		.4byte	.LASF26
 274 0159 04       		.byte	0x4
 275 015a 74       		.byte	0x74
 276 015b 76000000 		.4byte	0x76
 277 015f 2C       		.byte	0x2c
 278 0160 06       		.uleb128 0x6
 279 0161 EF020000 		.4byte	.LASF27
 280 0165 04       		.byte	0x4
 281 0166 75       		.byte	0x75
 282 0167 76000000 		.4byte	0x76
 283 016b 30       		.byte	0x30
 284 016c 06       		.uleb128 0x6
 285 016d 38000000 		.4byte	.LASF28
 286 0171 04       		.byte	0x4
 287 0172 76       		.byte	0x76
 288 0173 76000000 		.4byte	0x76
 289 0177 34       		.byte	0x34
 290 0178 06       		.uleb128 0x6
 291 0179 18010000 		.4byte	.LASF29
 292 017d 04       		.byte	0x4
 293 017e 77       		.byte	0x77
 294 017f 76000000 		.4byte	0x76
 295 0183 38       		.byte	0x38
 296 0184 06       		.uleb128 0x6
 297 0185 B9000000 		.4byte	.LASF30
 298 0189 04       		.byte	0x4
 299 018a 78       		.byte	0x78
 300 018b 76000000 		.4byte	0x76
 301 018f 3C       		.byte	0x3c
 302 0190 06       		.uleb128 0x6
 303 0191 C8000000 		.4byte	.LASF31
 304 0195 04       		.byte	0x4
 305 0196 79       		.byte	0x79
 306 0197 76000000 		.4byte	0x76
 307 019b 40       		.byte	0x40
 308 019c 06       		.uleb128 0x6
 309 019d 15020000 		.4byte	.LASF32
 310 01a1 04       		.byte	0x4
 311 01a2 7A       		.byte	0x7a
 312 01a3 76000000 		.4byte	0x76
 313 01a7 44       		.byte	0x44
 314 01a8 06       		.uleb128 0x6
 315 01a9 7C020000 		.4byte	.LASF33
 316 01ad 04       		.byte	0x4
 317 01ae 7B       		.byte	0x7b
 318 01af 76000000 		.4byte	0x76
 319 01b3 48       		.byte	0x48
 320 01b4 06       		.uleb128 0x6
 321 01b5 06020000 		.4byte	.LASF34
 322 01b9 04       		.byte	0x4
 323 01ba 7C       		.byte	0x7c
 324 01bb 76000000 		.4byte	0x76
 325 01bf 4C       		.byte	0x4c
 326 01c0 06       		.uleb128 0x6
 327 01c1 00000000 		.4byte	.LASF35
 328 01c5 04       		.byte	0x4
 329 01c6 7D       		.byte	0x7d
 330 01c7 76000000 		.4byte	0x76
 331 01cb 50       		.byte	0x50
 332 01cc 06       		.uleb128 0x6
 333 01cd B7020000 		.4byte	.LASF36
 334 01d1 04       		.byte	0x4
 335 01d2 7E       		.byte	0x7e
 336 01d3 76000000 		.4byte	0x76
 337 01d7 54       		.byte	0x54
 338 01d8 06       		.uleb128 0x6
 339 01d9 AA000000 		.4byte	.LASF37
 340 01dd 04       		.byte	0x4
 341 01de 7F       		.byte	0x7f
 342 01df 76000000 		.4byte	0x76
 343 01e3 58       		.byte	0x58
 344 01e4 06       		.uleb128 0x6
 345 01e5 E0020000 		.4byte	.LASF38
 346 01e9 04       		.byte	0x4
 347 01ea 80       		.byte	0x80
 348 01eb 76000000 		.4byte	0x76
 349 01ef 5C       		.byte	0x5c
 350 01f0 06       		.uleb128 0x6
 351 01f1 8B020000 		.4byte	.LASF39
 352 01f5 04       		.byte	0x4
 353 01f6 81       		.byte	0x81
 354 01f7 76000000 		.4byte	0x76
 355 01fb 60       		.byte	0x60
 356 01fc 06       		.uleb128 0x6
 357 01fd 37030000 		.4byte	.LASF40
 358 0201 04       		.byte	0x4
 359 0202 82       		.byte	0x82
 360 0203 76000000 		.4byte	0x76
 361 0207 64       		.byte	0x64
 362 0208 06       		.uleb128 0x6
 363 0209 FC020000 		.4byte	.LASF41
 364 020d 04       		.byte	0x4
 365 020e 83       		.byte	0x83
 366 020f 76000000 		.4byte	0x76
 367 0213 68       		.byte	0x68
 368 0214 06       		.uleb128 0x6
 369 0215 20000000 		.4byte	.LASF42
 370 0219 04       		.byte	0x4
 371 021a 84       		.byte	0x84
 372 021b 76000000 		.4byte	0x76
 373 021f 6C       		.byte	0x6c
 374 0220 06       		.uleb128 0x6
 375 0221 53000000 		.4byte	.LASF43
 376 0225 04       		.byte	0x4
 377 0226 85       		.byte	0x85
 378 0227 76000000 		.4byte	0x76
 379 022b 70       		.byte	0x70
 380 022c 07       		.uleb128 0x7
 381 022d 43535200 		.ascii	"CSR\000"
 382 0231 04       		.byte	0x4
 383 0232 86       		.byte	0x86
 384 0233 76000000 		.4byte	0x76
 385 0237 74       		.byte	0x74
 386 0238 06       		.uleb128 0x6
 387 0239 6C000000 		.4byte	.LASF44
 388 023d 04       		.byte	0x4
 389 023e 87       		.byte	0x87
 390 023f 76000000 		.4byte	0x76
 391 0243 78       		.byte	0x78
 392 0244 06       		.uleb128 0x6
 393 0245 09010000 		.4byte	.LASF45
 394 0249 04       		.byte	0x4
 395 024a 88       		.byte	0x88
 396 024b 76000000 		.4byte	0x76
 397 024f 7C       		.byte	0x7c
 398 0250 06       		.uleb128 0x6
 399 0251 9F000000 		.4byte	.LASF46
 400 0255 04       		.byte	0x4
 401 0256 89       		.byte	0x89
 402 0257 76000000 		.4byte	0x76
 403 025b 80       		.byte	0x80
 404 025c 06       		.uleb128 0x6
 405 025d 7B000000 		.4byte	.LASF47
 406 0261 04       		.byte	0x4
 407 0262 8A       		.byte	0x8a
 408 0263 76000000 		.4byte	0x76
 409 0267 84       		.byte	0x84
 410 0268 06       		.uleb128 0x6
 411 0269 2C030000 		.4byte	.LASF48
 412 026d 04       		.byte	0x4
 413 026e 8B       		.byte	0x8b
 414 026f 76000000 		.4byte	0x76
 415 0273 88       		.byte	0x88
 416 0274 06       		.uleb128 0x6
 417 0275 01010000 		.4byte	.LASF49
 418 0279 04       		.byte	0x4
 419 027a 8C       		.byte	0x8c
 420 027b 76000000 		.4byte	0x76
 421 027f 8C       		.byte	0x8c
 422 0280 06       		.uleb128 0x6
 423 0281 63000000 		.4byte	.LASF50
 424 0285 04       		.byte	0x4
 425 0286 8D       		.byte	0x8d
 426 0287 76000000 		.4byte	0x76
 427 028b 90       		.byte	0x90
 428 028c 06       		.uleb128 0x6
 429 028d 51010000 		.4byte	.LASF51
 430 0291 04       		.byte	0x4
 431 0292 8E       		.byte	0x8e
 432 0293 76000000 		.4byte	0x76
 433 0297 94       		.byte	0x94
 434 0298 00       		.byte	0
 435 0299 08       		.uleb128 0x8
 436 029a C1020000 		.4byte	.LASF56
 437 029e 01       		.byte	0x1
 438 029f 04       		.byte	0x4
 439 02a0 00000000 		.4byte	.LFB392
 440 02a4 28000000 		.4byte	.LFE392-.LFB392
 441 02a8 01       		.uleb128 0x1
 442 02a9 9C       		.byte	0x9c
 443 02aa D6020000 		.4byte	0x2d6
 444 02ae 09       		.uleb128 0x9
 445 02af 20010000 		.4byte	.LASF57
 446 02b3 01       		.byte	0x1
 447 02b4 04       		.byte	0x4
 448 02b5 76000000 		.4byte	0x76
 449 02b9 00000000 		.4byte	.LLST0
 450 02bd 0A       		.uleb128 0xa
 451 02be 5F020000 		.4byte	.LASF58
 452 02c2 01       		.byte	0x1
 453 02c3 05       		.byte	0x5
 454 02c4 76000000 		.4byte	0x76
 455 02c8 2C000000 		.4byte	.LLST1
 456 02cc 0B       		.uleb128 0xb
 457 02cd 08000000 		.4byte	.LVL1
 458 02d1 09030000 		.4byte	0x309
 459 02d5 00       		.byte	0
 460 02d6 0C       		.uleb128 0xc
 461 02d7 39010000 		.4byte	.LASF59
 462 02db 01       		.byte	0x1
 463 02dc 0B       		.byte	0xb
 464 02dd 28000000 		.4byte	.LFB393
 465 02e1 10000000 		.4byte	.LFE393-.LFB393
 466 02e5 01       		.uleb128 0x1
 467 02e6 9C       		.byte	0x9c
 468 02e7 0D       		.uleb128 0xd
 469 02e8 18000000 		.4byte	.LASF52
 470 02ec 04       		.byte	0x4
 471 02ed 2F02     		.2byte	0x22f
 472 02ef F3020000 		.4byte	0x2f3
 473 02f3 0E       		.uleb128 0xe
 474 02f4 88000000 		.4byte	0x88
 475 02f8 0F       		.uleb128 0xf
 476 02f9 52434300 		.ascii	"RCC\000"
 477 02fd 04       		.byte	0x4
 478 02fe 3D02     		.2byte	0x23d
 479 0300 04030000 		.4byte	0x304
 480 0304 0E       		.uleb128 0xe
 481 0305 C5000000 		.4byte	0xc5
 482 0309 10       		.uleb128 0x10
 483 030a 58000000 		.4byte	.LASF60
 484 030e 05       		.byte	0x5
 485 030f 1A       		.byte	0x1a
 486 0310 76000000 		.4byte	0x76
 487 0314 11       		.uleb128 0x11
 488 0315 00       		.byte	0
 489 0316 00       		.byte	0
 490              		.section	.debug_abbrev,"",%progbits
 491              	.Ldebug_abbrev0:
 492 0000 01       		.uleb128 0x1
 493 0001 11       		.uleb128 0x11
 494 0002 01       		.byte	0x1
 495 0003 25       		.uleb128 0x25
 496 0004 0E       		.uleb128 0xe
 497 0005 13       		.uleb128 0x13
 498 0006 0B       		.uleb128 0xb
 499 0007 03       		.uleb128 0x3
 500 0008 0E       		.uleb128 0xe
 501 0009 1B       		.uleb128 0x1b
 502 000a 0E       		.uleb128 0xe
 503 000b 11       		.uleb128 0x11
 504 000c 01       		.uleb128 0x1
 505 000d 12       		.uleb128 0x12
 506 000e 06       		.uleb128 0x6
 507 000f 10       		.uleb128 0x10
 508 0010 17       		.uleb128 0x17
 509 0011 00       		.byte	0
 510 0012 00       		.byte	0
 511 0013 02       		.uleb128 0x2
 512 0014 24       		.uleb128 0x24
 513 0015 00       		.byte	0
 514 0016 0B       		.uleb128 0xb
 515 0017 0B       		.uleb128 0xb
 516 0018 3E       		.uleb128 0x3e
 517 0019 0B       		.uleb128 0xb
 518 001a 03       		.uleb128 0x3
 519 001b 0E       		.uleb128 0xe
 520 001c 00       		.byte	0
 521 001d 00       		.byte	0
 522 001e 03       		.uleb128 0x3
 523 001f 16       		.uleb128 0x16
 524 0020 00       		.byte	0
 525 0021 03       		.uleb128 0x3
 526 0022 0E       		.uleb128 0xe
 527 0023 3A       		.uleb128 0x3a
 528 0024 0B       		.uleb128 0xb
 529 0025 3B       		.uleb128 0x3b
 530 0026 0B       		.uleb128 0xb
 531 0027 49       		.uleb128 0x49
 532 0028 13       		.uleb128 0x13
 533 0029 00       		.byte	0
 534 002a 00       		.byte	0
 535 002b 04       		.uleb128 0x4
 536 002c 24       		.uleb128 0x24
 537 002d 00       		.byte	0
 538 002e 0B       		.uleb128 0xb
 539 002f 0B       		.uleb128 0xb
 540 0030 3E       		.uleb128 0x3e
 541 0031 0B       		.uleb128 0xb
 542 0032 03       		.uleb128 0x3
 543 0033 08       		.uleb128 0x8
 544 0034 00       		.byte	0
 545 0035 00       		.byte	0
 546 0036 05       		.uleb128 0x5
 547 0037 13       		.uleb128 0x13
 548 0038 01       		.byte	0x1
 549 0039 03       		.uleb128 0x3
 550 003a 0E       		.uleb128 0xe
 551 003b 0B       		.uleb128 0xb
 552 003c 0B       		.uleb128 0xb
 553 003d 3A       		.uleb128 0x3a
 554 003e 0B       		.uleb128 0xb
 555 003f 3B       		.uleb128 0x3b
 556 0040 0B       		.uleb128 0xb
 557 0041 01       		.uleb128 0x1
 558 0042 13       		.uleb128 0x13
 559 0043 00       		.byte	0
 560 0044 00       		.byte	0
 561 0045 06       		.uleb128 0x6
 562 0046 0D       		.uleb128 0xd
 563 0047 00       		.byte	0
 564 0048 03       		.uleb128 0x3
 565 0049 0E       		.uleb128 0xe
 566 004a 3A       		.uleb128 0x3a
 567 004b 0B       		.uleb128 0xb
 568 004c 3B       		.uleb128 0x3b
 569 004d 0B       		.uleb128 0xb
 570 004e 49       		.uleb128 0x49
 571 004f 13       		.uleb128 0x13
 572 0050 38       		.uleb128 0x38
 573 0051 0B       		.uleb128 0xb
 574 0052 00       		.byte	0
 575 0053 00       		.byte	0
 576 0054 07       		.uleb128 0x7
 577 0055 0D       		.uleb128 0xd
 578 0056 00       		.byte	0
 579 0057 03       		.uleb128 0x3
 580 0058 08       		.uleb128 0x8
 581 0059 3A       		.uleb128 0x3a
 582 005a 0B       		.uleb128 0xb
 583 005b 3B       		.uleb128 0x3b
 584 005c 0B       		.uleb128 0xb
 585 005d 49       		.uleb128 0x49
 586 005e 13       		.uleb128 0x13
 587 005f 38       		.uleb128 0x38
 588 0060 0B       		.uleb128 0xb
 589 0061 00       		.byte	0
 590 0062 00       		.byte	0
 591 0063 08       		.uleb128 0x8
 592 0064 2E       		.uleb128 0x2e
 593 0065 01       		.byte	0x1
 594 0066 3F       		.uleb128 0x3f
 595 0067 19       		.uleb128 0x19
 596 0068 03       		.uleb128 0x3
 597 0069 0E       		.uleb128 0xe
 598 006a 3A       		.uleb128 0x3a
 599 006b 0B       		.uleb128 0xb
 600 006c 3B       		.uleb128 0x3b
 601 006d 0B       		.uleb128 0xb
 602 006e 27       		.uleb128 0x27
 603 006f 19       		.uleb128 0x19
 604 0070 11       		.uleb128 0x11
 605 0071 01       		.uleb128 0x1
 606 0072 12       		.uleb128 0x12
 607 0073 06       		.uleb128 0x6
 608 0074 40       		.uleb128 0x40
 609 0075 18       		.uleb128 0x18
 610 0076 9742     		.uleb128 0x2117
 611 0078 19       		.uleb128 0x19
 612 0079 01       		.uleb128 0x1
 613 007a 13       		.uleb128 0x13
 614 007b 00       		.byte	0
 615 007c 00       		.byte	0
 616 007d 09       		.uleb128 0x9
 617 007e 05       		.uleb128 0x5
 618 007f 00       		.byte	0
 619 0080 03       		.uleb128 0x3
 620 0081 0E       		.uleb128 0xe
 621 0082 3A       		.uleb128 0x3a
 622 0083 0B       		.uleb128 0xb
 623 0084 3B       		.uleb128 0x3b
 624 0085 0B       		.uleb128 0xb
 625 0086 49       		.uleb128 0x49
 626 0087 13       		.uleb128 0x13
 627 0088 02       		.uleb128 0x2
 628 0089 17       		.uleb128 0x17
 629 008a 00       		.byte	0
 630 008b 00       		.byte	0
 631 008c 0A       		.uleb128 0xa
 632 008d 34       		.uleb128 0x34
 633 008e 00       		.byte	0
 634 008f 03       		.uleb128 0x3
 635 0090 0E       		.uleb128 0xe
 636 0091 3A       		.uleb128 0x3a
 637 0092 0B       		.uleb128 0xb
 638 0093 3B       		.uleb128 0x3b
 639 0094 0B       		.uleb128 0xb
 640 0095 49       		.uleb128 0x49
 641 0096 13       		.uleb128 0x13
 642 0097 02       		.uleb128 0x2
 643 0098 17       		.uleb128 0x17
 644 0099 00       		.byte	0
 645 009a 00       		.byte	0
 646 009b 0B       		.uleb128 0xb
 647 009c 898201   		.uleb128 0x4109
 648 009f 00       		.byte	0
 649 00a0 11       		.uleb128 0x11
 650 00a1 01       		.uleb128 0x1
 651 00a2 31       		.uleb128 0x31
 652 00a3 13       		.uleb128 0x13
 653 00a4 00       		.byte	0
 654 00a5 00       		.byte	0
 655 00a6 0C       		.uleb128 0xc
 656 00a7 2E       		.uleb128 0x2e
 657 00a8 00       		.byte	0
 658 00a9 3F       		.uleb128 0x3f
 659 00aa 19       		.uleb128 0x19
 660 00ab 03       		.uleb128 0x3
 661 00ac 0E       		.uleb128 0xe
 662 00ad 3A       		.uleb128 0x3a
 663 00ae 0B       		.uleb128 0xb
 664 00af 3B       		.uleb128 0x3b
 665 00b0 0B       		.uleb128 0xb
 666 00b1 11       		.uleb128 0x11
 667 00b2 01       		.uleb128 0x1
 668 00b3 12       		.uleb128 0x12
 669 00b4 06       		.uleb128 0x6
 670 00b5 40       		.uleb128 0x40
 671 00b6 18       		.uleb128 0x18
 672 00b7 9742     		.uleb128 0x2117
 673 00b9 19       		.uleb128 0x19
 674 00ba 00       		.byte	0
 675 00bb 00       		.byte	0
 676 00bc 0D       		.uleb128 0xd
 677 00bd 34       		.uleb128 0x34
 678 00be 00       		.byte	0
 679 00bf 03       		.uleb128 0x3
 680 00c0 0E       		.uleb128 0xe
 681 00c1 3A       		.uleb128 0x3a
 682 00c2 0B       		.uleb128 0xb
 683 00c3 3B       		.uleb128 0x3b
 684 00c4 05       		.uleb128 0x5
 685 00c5 49       		.uleb128 0x49
 686 00c6 13       		.uleb128 0x13
 687 00c7 3F       		.uleb128 0x3f
 688 00c8 19       		.uleb128 0x19
 689 00c9 3C       		.uleb128 0x3c
 690 00ca 19       		.uleb128 0x19
 691 00cb 00       		.byte	0
 692 00cc 00       		.byte	0
 693 00cd 0E       		.uleb128 0xe
 694 00ce 35       		.uleb128 0x35
 695 00cf 00       		.byte	0
 696 00d0 49       		.uleb128 0x49
 697 00d1 13       		.uleb128 0x13
 698 00d2 00       		.byte	0
 699 00d3 00       		.byte	0
 700 00d4 0F       		.uleb128 0xf
 701 00d5 34       		.uleb128 0x34
 702 00d6 00       		.byte	0
 703 00d7 03       		.uleb128 0x3
 704 00d8 08       		.uleb128 0x8
 705 00d9 3A       		.uleb128 0x3a
 706 00da 0B       		.uleb128 0xb
 707 00db 3B       		.uleb128 0x3b
 708 00dc 05       		.uleb128 0x5
 709 00dd 49       		.uleb128 0x49
 710 00de 13       		.uleb128 0x13
 711 00df 3F       		.uleb128 0x3f
 712 00e0 19       		.uleb128 0x19
 713 00e1 3C       		.uleb128 0x3c
 714 00e2 19       		.uleb128 0x19
 715 00e3 00       		.byte	0
 716 00e4 00       		.byte	0
 717 00e5 10       		.uleb128 0x10
 718 00e6 2E       		.uleb128 0x2e
 719 00e7 01       		.byte	0x1
 720 00e8 3F       		.uleb128 0x3f
 721 00e9 19       		.uleb128 0x19
 722 00ea 03       		.uleb128 0x3
 723 00eb 0E       		.uleb128 0xe
 724 00ec 3A       		.uleb128 0x3a
 725 00ed 0B       		.uleb128 0xb
 726 00ee 3B       		.uleb128 0x3b
 727 00ef 0B       		.uleb128 0xb
 728 00f0 49       		.uleb128 0x49
 729 00f1 13       		.uleb128 0x13
 730 00f2 3C       		.uleb128 0x3c
 731 00f3 19       		.uleb128 0x19
 732 00f4 00       		.byte	0
 733 00f5 00       		.byte	0
 734 00f6 11       		.uleb128 0x11
 735 00f7 18       		.uleb128 0x18
 736 00f8 00       		.byte	0
 737 00f9 00       		.byte	0
 738 00fa 00       		.byte	0
 739 00fb 00       		.byte	0
 740              		.section	.debug_loc,"",%progbits
 741              	.Ldebug_loc0:
 742              	.LLST0:
 743 0000 00000000 		.4byte	.LVL0-.Ltext0
 744 0004 07000000 		.4byte	.LVL1-1-.Ltext0
 745 0008 0100     		.2byte	0x1
 746 000a 50       		.byte	0x50
 747 000b 07000000 		.4byte	.LVL1-1-.Ltext0
 748 000f 24000000 		.4byte	.LVL5-.Ltext0
 749 0013 0100     		.2byte	0x1
 750 0015 54       		.byte	0x54
 751 0016 24000000 		.4byte	.LVL5-.Ltext0
 752 001a 28000000 		.4byte	.LFE392-.Ltext0
 753 001e 0400     		.2byte	0x4
 754 0020 F3       		.byte	0xf3
 755 0021 01       		.uleb128 0x1
 756 0022 50       		.byte	0x50
 757 0023 9F       		.byte	0x9f
 758 0024 00000000 		.4byte	0
 759 0028 00000000 		.4byte	0
 760              	.LLST1:
 761 002c 08000000 		.4byte	.LVL1-.Ltext0
 762 0030 0E000000 		.4byte	.LVL2-.Ltext0
 763 0034 0C00     		.2byte	0xc
 764 0036 70       		.byte	0x70
 765 0037 00       		.sleb128 0
 766 0038 F7       		.byte	0xf7
 767 0039 25       		.uleb128 0x25
 768 003a 74       		.byte	0x74
 769 003b 00       		.sleb128 0
 770 003c F7       		.byte	0xf7
 771 003d 25       		.uleb128 0x25
 772 003e 1B       		.byte	0x1b
 773 003f F7       		.byte	0xf7
 774 0040 00       		.uleb128 0
 775 0041 9F       		.byte	0x9f
 776 0042 0E000000 		.4byte	.LVL2-.Ltext0
 777 0046 10000000 		.4byte	.LVL3-.Ltext0
 778 004a 0100     		.2byte	0x1
 779 004c 50       		.byte	0x50
 780 004d 10000000 		.4byte	.LVL3-.Ltext0
 781 0051 16000000 		.4byte	.LVL4-.Ltext0
 782 0055 0300     		.2byte	0x3
 783 0057 70       		.byte	0x70
 784 0058 01       		.sleb128 1
 785 0059 9F       		.byte	0x9f
 786 005a 00000000 		.4byte	0
 787 005e 00000000 		.4byte	0
 788              		.section	.debug_aranges,"",%progbits
 789 0000 1C000000 		.4byte	0x1c
 790 0004 0200     		.2byte	0x2
 791 0006 00000000 		.4byte	.Ldebug_info0
 792 000a 04       		.byte	0x4
 793 000b 00       		.byte	0
 794 000c 0000     		.2byte	0
 795 000e 0000     		.2byte	0
 796 0010 00000000 		.4byte	.Ltext0
 797 0014 38000000 		.4byte	.Letext0-.Ltext0
 798 0018 00000000 		.4byte	0
 799 001c 00000000 		.4byte	0
 800              		.section	.debug_line,"",%progbits
 801              	.Ldebug_line0:
 802 0000 B7000000 		.section	.debug_str,"MS",%progbits,1
 802      02009900 
 802      00000201 
 802      FB0E0D00 
 802      01010101 
 803              	.LASF35:
 804 0000 41484231 		.ascii	"AHB1LPENR\000"
 804      4C50454E 
 804      5200
 805              	.LASF54:
 806 000a 7372632F 		.ascii	"src/systick.c\000"
 806      73797374 
 806      69636B2E 
 806      6300
 807              	.LASF52:
 808 0018 53797354 		.ascii	"SysTick\000"
 808      69636B00 
 809              	.LASF42:
 810 0020 5F726573 		.ascii	"_reserved_0x6c\000"
 810      65727665 
 810      645F3078 
 810      366300
 811              	.LASF23:
 812 002f 41504231 		.ascii	"APB1RSTR\000"
 812      52535452 
 812      00
 813              	.LASF28:
 814 0038 41484232 		.ascii	"AHB2ENR\000"
 814      454E5200 
 815              	.LASF3:
 816 0040 73686F72 		.ascii	"short int\000"
 816      7420696E 
 816      7400
 817              	.LASF11:
 818 004a 73697A65 		.ascii	"sizetype\000"
 818      74797065 
 818      00
 819              	.LASF43:
 820 0053 42444352 		.ascii	"BDCR\000"
 820      00
 821              	.LASF60:
 822 0058 6765745F 		.ascii	"get_SYSCLK\000"
 822      53595343 
 822      4C4B00
 823              	.LASF50:
 824 0063 434B4741 		.ascii	"CKGATENR\000"
 824      54454E52 
 824      00
 825              	.LASF44:
 826 006c 5F726573 		.ascii	"_reserved_0x78\000"
 826      65727665 
 826      645F3078 
 826      373800
 827              	.LASF47:
 828 007b 504C4C49 		.ascii	"PLLI2SCFGR\000"
 828      32534346 
 828      475200
 829              	.LASF15:
 830 0086 53544B5F 		.ascii	"STK_registers\000"
 830      72656769 
 830      73746572 
 830      7300
 831              	.LASF9:
 832 0094 5F5F7569 		.ascii	"__uint32_t\000"
 832      6E743332 
 832      5F7400
 833              	.LASF46:
 834 009f 53534347 		.ascii	"SSCGR\000"
 834      5200
 835              	.LASF12:
 836 00a5 4354524C 		.ascii	"CTRL\000"
 836      00
 837              	.LASF37:
 838 00aa 41484233 		.ascii	"AHB3LPENR\000"
 838      4C50454E 
 838      5200
 839              	.LASF18:
 840 00b4 43464752 		.ascii	"CFGR\000"
 840      00
 841              	.LASF30:
 842 00b9 5F726573 		.ascii	"_reserved_0x3c\000"
 842      65727665 
 842      645F3078 
 842      336300
 843              	.LASF31:
 844 00c8 41504231 		.ascii	"APB1ENR\000"
 844      454E5200 
 845              	.LASF55:
 846 00d0 2F686F6D 		.ascii	"/home/tom/COURS/S6/Projet_boiteMusique/c_project\000"
 846      652F746F 
 846      6D2F434F 
 846      5552532F 
 846      53362F50 
 847              	.LASF49:
 848 0101 44434B43 		.ascii	"DCKCFGR\000"
 848      46475200 
 849              	.LASF45:
 850 0109 5F726573 		.ascii	"_reserved_0x7c\000"
 850      65727665 
 850      645F3078 
 850      376300
 851              	.LASF29:
 852 0118 41484233 		.ascii	"AHB3ENR\000"
 852      454E5200 
 853              	.LASF57:
 854 0120 66726571 		.ascii	"freq\000"
 854      00
 855              	.LASF7:
 856 0125 6C6F6E67 		.ascii	"long long int\000"
 856      206C6F6E 
 856      6720696E 
 856      7400
 857              	.LASF14:
 858 0133 43414C49 		.ascii	"CALIB\000"
 858      4200
 859              	.LASF59:
 860 0139 53797354 		.ascii	"SysTick_deinit\000"
 860      69636B5F 
 860      6465696E 
 860      697400
 861              	.LASF5:
 862 0148 6C6F6E67 		.ascii	"long int\000"
 862      20696E74 
 862      00
 863              	.LASF51:
 864 0151 44434B43 		.ascii	"DCKCFGR2\000"
 864      46475232 
 864      00
 865              	.LASF24:
 866 015a 41504232 		.ascii	"APB2RSTR\000"
 866      52535452 
 866      00
 867              	.LASF53:
 868 0163 474E5520 		.ascii	"GNU C 4.9.3 20150529 (prerelease) -mtune=cortex-m4 "
 868      4320342E 
 868      392E3320 
 868      32303135 
 868      30353239 
 869 0196 2D6D7468 		.ascii	"-mthumb -march=armv7e-m -mfloat-abi=hard -mfpu=fpv4"
 869      756D6220 
 869      2D6D6172 
 869      63683D61 
 869      726D7637 
 870 01c9 2D73702D 		.ascii	"-sp-d16 -g -O0 -Os -fsingle-precision-constant\000"
 870      64313620 
 870      2D67202D 
 870      4F30202D 
 870      4F73202D 
 871              	.LASF2:
 872 01f8 756E7369 		.ascii	"unsigned char\000"
 872      676E6564 
 872      20636861 
 872      7200
 873              	.LASF34:
 874 0206 5F726573 		.ascii	"_reserved_0x4c\000"
 874      65727665 
 874      645F3078 
 874      346300
 875              	.LASF32:
 876 0215 41504232 		.ascii	"APB2ENR\000"
 876      454E5200 
 877              	.LASF1:
 878 021d 7369676E 		.ascii	"signed char\000"
 878      65642063 
 878      68617200 
 879              	.LASF8:
 880 0229 6C6F6E67 		.ascii	"long long unsigned int\000"
 880      206C6F6E 
 880      6720756E 
 880      7369676E 
 880      65642069 
 881              	.LASF10:
 882 0240 75696E74 		.ascii	"uint32_t\000"
 882      33325F74 
 882      00
 883              	.LASF0:
 884 0249 756E7369 		.ascii	"unsigned int\000"
 884      676E6564 
 884      20696E74 
 884      00
 885              	.LASF20:
 886 0256 41484232 		.ascii	"AHB2RSTR\000"
 886      52535452 
 886      00
 887              	.LASF58:
 888 025f 70657269 		.ascii	"period\000"
 888      6F6400
 889              	.LASF16:
 890 0266 5243435F 		.ascii	"RCC_registers\000"
 890      72656769 
 890      73746572 
 890      7300
 891              	.LASF17:
 892 0274 504C4C43 		.ascii	"PLLCFGR\000"
 892      46475200 
 893              	.LASF33:
 894 027c 5F726573 		.ascii	"_reserved_0x48\000"
 894      65727665 
 894      645F3078 
 894      343800
 895              	.LASF39:
 896 028b 41504231 		.ascii	"APB1LPENR\000"
 896      4C50454E 
 896      5200
 897              	.LASF4:
 898 0295 73686F72 		.ascii	"short unsigned int\000"
 898      7420756E 
 898      7369676E 
 898      65642069 
 898      6E7400
 899              	.LASF22:
 900 02a8 5F726573 		.ascii	"_reserved_0x1c\000"
 900      65727665 
 900      645F3078 
 900      316300
 901              	.LASF36:
 902 02b7 41484232 		.ascii	"AHB2LPENR\000"
 902      4C50454E 
 902      5200
 903              	.LASF56:
 904 02c1 53797354 		.ascii	"SysTick_init\000"
 904      69636B5F 
 904      696E6974 
 904      00
 905              	.LASF6:
 906 02ce 6C6F6E67 		.ascii	"long unsigned int\000"
 906      20756E73 
 906      69676E65 
 906      6420696E 
 906      7400
 907              	.LASF38:
 908 02e0 5F726573 		.ascii	"_reserved_0x5c\000"
 908      65727665 
 908      645F3078 
 908      356300
 909              	.LASF27:
 910 02ef 41484231 		.ascii	"AHB1ENR\000"
 910      454E5200 
 911              	.LASF13:
 912 02f7 4C4F4144 		.ascii	"LOAD\000"
 912      00
 913              	.LASF41:
 914 02fc 5F726573 		.ascii	"_reserved_0x68\000"
 914      65727665 
 914      645F3078 
 914      363800
 915              	.LASF19:
 916 030b 41484231 		.ascii	"AHB1RSTR\000"
 916      52535452 
 916      00
 917              	.LASF25:
 918 0314 5F726573 		.ascii	"_reserved_0x28\000"
 918      65727665 
 918      645F3078 
 918      323800
 919              	.LASF21:
 920 0323 41484233 		.ascii	"AHB3RSTR\000"
 920      52535452 
 920      00
 921              	.LASF48:
 922 032c 504C4C53 		.ascii	"PLLSAICFGR\000"
 922      41494346 
 922      475200
 923              	.LASF40:
 924 0337 41504232 		.ascii	"APB2LPENR\000"
 924      4C50454E 
 924      5200
 925              	.LASF26:
 926 0341 5F726573 		.ascii	"_reserved_0x2c\000"
 926      65727665 
 926      645F3078 
 926      326300
 927              		.ident	"GCC: (15:4.9.3+svn231177-1) 4.9.3 20150529 (prerelease)"
DEFINED SYMBOLS
                            *ABS*:0000000000000000 systick.c
     /tmp/ccidNqbK.s:20     .text:0000000000000000 $t
     /tmp/ccidNqbK.s:25     .text:0000000000000000 SysTick_init
     /tmp/ccidNqbK.s:67     .text:0000000000000024 $d
     /tmp/ccidNqbK.s:71     .text:0000000000000028 $t
     /tmp/ccidNqbK.s:76     .text:0000000000000028 SysTick_deinit
     /tmp/ccidNqbK.s:92     .text:0000000000000034 $d
                     .debug_frame:0000000000000010 $d

UNDEFINED SYMBOLS
get_SYSCLK
SysTick
